#
# There is insufficient memory for the Java Runtime Environment to continue.
# Native memory allocation (mmap) failed to map 65536 bytes for Failed to commit metaspace.
# Possible reasons:
#   The system is out of physical RAM or swap space
#   The process is running with CompressedOops enabled, and the Java Heap may be blocking the growth of the native heap
# Possible solutions:
#   Reduce memory load on the system
#   Increase physical memory or swap space
#   Check if swap backing store is full
#   Decrease Java heap size (-Xmx/-Xms)
#   Decrease number of Java threads
#   Decrease Java thread stack sizes (-Xss)
#   Set larger code cache with -XX:ReservedCodeCacheSize=
#   JVM is running with Unscaled Compressed Oops mode in which the Java heap is
#     placed in the first 4GB address space. The Java Heap base address is the
#     maximum limit for the native heap growth. Please use -XX:HeapBaseMinAddress
#     to set the Java Heap base and to place the Java Heap above 4GB virtual address.
# This output file may be truncated or incomplete.
#
#  Out of Memory Error (virtualSpaceNode.cpp:110), pid=7324, tid=9628
#
# JRE version: OpenJDK Runtime Environment Corretto-18.0.2.9.1 (18.0.2+9) (build 18.0.2+9-FR)
# Java VM: OpenJDK 64-Bit Server VM Corretto-18.0.2.9.1 (18.0.2+9-FR, mixed mode, sharing, tiered, compressed oops, compressed class ptrs, g1 gc, windows-amd64)
# No core dump will be written. Minidumps are not enabled by default on client versions of Windows
#

---------------  S U M M A R Y ------------

Command Line: -ea -Didea.test.cyclic.buffer.size=1048576 -javaagent:C:\Program Files\JetBrains\IntelliJ IDEA Community Edition 2021.3.3\lib\idea_rt.jar=58804:C:\Program Files\JetBrains\IntelliJ IDEA Community Edition 2021.3.3\bin -Dfile.encoding=UTF-8 com.intellij.rt.junit.JUnitStarter -ideVersion5 -junit5 com.devskiller.tasks.blog.service.PostServiceTest,shouldReturnCreatedPost

Host: Intel(R) Core(TM) i3-6006U CPU @ 2.00GHz, 4 cores, 3G,  Windows 10 , 64 bit Build 19041 (10.0.19041.3570)
Time: Tue Oct 17 18:53:27 2023 Central European Daylight Time elapsed time: 5.292560 seconds (0d 0h 0m 5s)

---------------  T H R E A D  ---------------

Current thread (0x000002b2a745f120):  JavaThread "main" [_thread_in_vm, id=9628, stack(0x000000fbe6f00000,0x000000fbe7000000)]

Stack: [0x000000fbe6f00000,0x000000fbe7000000]
Native frames: (J=compiled Java code, j=interpreted, Vv=VM code, C=native code)
V  [jvm.dll+0x685a2a]
V  [jvm.dll+0x82ae8d]
V  [jvm.dll+0x82c75e]
V  [jvm.dll+0x82ce03]
V  [jvm.dll+0x25ef4b]
V  [jvm.dll+0x826bdb]
V  [jvm.dll+0x62d206]
V  [jvm.dll+0x62d26a]
V  [jvm.dll+0x62f9b6]
V  [jvm.dll+0x62f88e]
V  [jvm.dll+0x62dbc5]
V  [jvm.dll+0x6377c7]
V  [jvm.dll+0x207486]
V  [jvm.dll+0x207915]
V  [jvm.dll+0x208351]
V  [jvm.dll+0x1fde59]
V  [jvm.dll+0x54c245]
V  [jvm.dll+0x20e717]
V  [jvm.dll+0x7a7e76]
V  [jvm.dll+0x7a9106]
V  [jvm.dll+0x7a98a1]
V  [jvm.dll+0x2085ee]
V  [jvm.dll+0x1fde72]
V  [jvm.dll+0x54c245]
V  [jvm.dll+0x20e717]
V  [jvm.dll+0x7a7e76]
V  [jvm.dll+0x7a9106]
V  [jvm.dll+0x42b219]
C  [java.dll+0x1a55]

Java frames: (J=compiled Java code, j=interpreted, Vv=VM code)
J 960  java.lang.ClassLoader.findBootstrapClass(Ljava/lang/String;)Ljava/lang/Class; java.base@18.0.2 (0 bytes) @ 0x000002b2b6b4357a [0x000002b2b6b43520+0x000000000000005a]
J 823 c1 jdk.internal.loader.ClassLoaders$BootClassLoader.loadClassOrNull(Ljava/lang/String;Z)Ljava/lang/Class; java.base@18.0.2 (10 bytes) @ 0x000002b2af6f564c [0x000002b2af6f54e0+0x000000000000016c]
J 809 c1 jdk.internal.loader.BuiltinClassLoader.loadClassOrNull(Ljava/lang/String;Z)Ljava/lang/Class; java.base@18.0.2 (143 bytes) @ 0x000002b2af6ec824 [0x000002b2af6ec1c0+0x0000000000000664]
J 830 c1 jdk.internal.loader.ClassLoaders$AppClassLoader.loadClass(Ljava/lang/String;Z)Ljava/lang/Class; java.base@18.0.2 (40 bytes) @ 0x000002b2af6f8c44 [0x000002b2af6f8a60+0x00000000000001e4]
J 824 c1 java.lang.ClassLoader.loadClass(Ljava/lang/String;)Ljava/lang/Class; java.base@18.0.2 (7 bytes) @ 0x000002b2af6f5b4c [0x000002b2af6f5a40+0x000000000000010c]
v  ~StubRoutines::call_stub
j  org.springframework.beans.BeanWrapperImpl.getCachedIntrospectionResults()Lorg/springframework/beans/CachedIntrospectionResults;+12
j  org.springframework.beans.BeanWrapperImpl.getLocalPropertyHandler(Ljava/lang/String;)Lorg/springframework/beans/BeanWrapperImpl$BeanPropertyHandler;+1
j  org.springframework.beans.BeanWrapperImpl.getLocalPropertyHandler(Ljava/lang/String;)Lorg/springframework/beans/AbstractNestablePropertyAccessor$PropertyHandler;+2
j  org.springframework.beans.AbstractNestablePropertyAccessor.getPropertyHandler(Ljava/lang/String;)Lorg/springframework/beans/AbstractNestablePropertyAccessor$PropertyHandler;+20
j  org.springframework.beans.AbstractNestablePropertyAccessor.isWritableProperty(Ljava/lang/String;)Z+2
j  org.springframework.beans.factory.support.AbstractAutowireCapableBeanFactory.applyPropertyValues(Ljava/lang/String;Lorg/springframework/beans/factory/config/BeanDefinition;Lorg/springframework/beans/BeanWrapper;Lorg/springframework/beans/PropertyValues;)V+282
j  org.springframework.beans.factory.support.AbstractAutowireCapableBeanFactory.populateBean(Ljava/lang/String;Lorg/springframework/beans/factory/support/RootBeanDefinition;Lorg/springframework/beans/BeanWrapper;)V+315
j  org.springframework.beans.factory.support.AbstractAutowireCapableBeanFactory.doCreateBean(Ljava/lang/String;Lorg/springframework/beans/factory/support/RootBeanDefinition;[Ljava/lang/Object;)Ljava/lang/Object;+220
j  org.springframework.beans.factory.support.AbstractAutowireCapableBeanFactory.createBean(Ljava/lang/String;Lorg/springframework/beans/factory/support/RootBeanDefinition;[Ljava/lang/Object;)Ljava/lang/Object;+153
j  org.springframework.beans.factory.support.AbstractBeanFactory.lambda$doGetBean$0(Ljava/lang/String;Lorg/springframework/beans/factory/support/RootBeanDefinition;[Ljava/lang/Object;)Ljava/lang/Object;+4
j  org.springframework.beans.factory.support.AbstractBeanFactory$$Lambda$624+0x0000000800e13ab8.getObject()Ljava/lang/Object;+16
j  org.springframework.beans.factory.support.DefaultSingletonBeanRegistry.getSingleton(Ljava/lang/String;Lorg/springframework/beans/factory/ObjectFactory;)Ljava/lang/Object;+114
j  org.springframework.beans.factory.support.AbstractBeanFactory.doGetBean(Ljava/lang/String;Ljava/lang/Class;[Ljava/lang/Object;Z)Ljava/lang/Object;+429
j  org.springframework.beans.factory.support.AbstractBeanFactory.getBean(Ljava/lang/String;Ljava/lang/Class;)Ljava/lang/Object;+5
j  org.springframework.context.support.PostProcessorRegistrationDelegate.invokeBeanFactoryPostProcessors(Lorg/springframework/beans/factory/config/ConfigurableListableBeanFactory;Ljava/util/List;)V+184
j  org.springframework.context.support.AbstractApplicationContext.invokeBeanFactoryPostProcessors(Lorg/springframework/beans/factory/config/ConfigurableListableBeanFactory;)V+5
j  org.springframework.context.support.AbstractApplicationContext.refresh()V+53
j  org.springframework.boot.SpringApplication.refresh(Lorg/springframework/context/ConfigurableApplicationContext;)V+1
j  org.springframework.boot.SpringApplication.refreshContext(Lorg/springframework/context/ConfigurableApplicationContext;)V+16
j  org.springframework.boot.SpringApplication.run([Ljava/lang/String;)Lorg/springframework/context/ConfigurableApplicationContext;+101
j  org.springframework.boot.test.context.SpringBootContextLoader.lambda$loadContext$3(Lorg/springframework/boot/SpringApplication;[Ljava/lang/String;)Lorg/springframework/context/ConfigurableApplicationContext;+2
j  org.springframework.boot.test.context.SpringBootContextLoader$$Lambda$467+0x0000000800d7b288.getWithException()Ljava/lang/Object;+8
j  org.springframework.util.function.ThrowingSupplier.get(Ljava/util/function/BiFunction;)Ljava/lang/Object;+1
j  org.springframework.util.function.ThrowingSupplier.get()Ljava/lang/Object;+6
j  org.springframework.boot.SpringApplication.withHook(Lorg/springframework/boot/SpringApplicationHook;Lorg/springframework/util/function/ThrowingSupplier;)Ljava/lang/Object;+8
j  org.springframework.boot.test.context.SpringBootContextLoader$ContextLoaderHook.run(Lorg/springframework/util/function/ThrowingSupplier;)Lorg/springframework/context/ApplicationContext;+2
j  org.springframework.boot.test.context.SpringBootContextLoader.loadContext(Lorg/springframework/test/context/MergedContextConfiguration;Lorg/springframework/boot/test/context/SpringBootContextLoader$Mode;Lorg/springframework/context/ApplicationContextInitializer;)Lorg/springframework/context/ApplicationContext;+110
j  org.springframework.boot.test.context.SpringBootContextLoader.loadContext(Lorg/springframework/test/context/MergedContextConfiguration;)Lorg/springframework/context/ApplicationContext;+6
j  org.springframework.test.context.cache.DefaultCacheAwareContextLoaderDelegate.loadContextInternal(Lorg/springframework/test/context/MergedContextConfiguration;)Lorg/springframework/context/ApplicationContext;+20
j  org.springframework.test.context.cache.DefaultCacheAwareContextLoaderDelegate.loadContext(Lorg/springframework/test/context/MergedContextConfiguration;)Lorg/springframework/context/ApplicationContext;+53
j  org.springframework.test.context.support.DefaultTestContext.getApplicationContext()Lorg/springframework/context/ApplicationContext;+8
j  org.springframework.test.context.web.ServletTestExecutionListener.setUpRequestContextIfNecessary(Lorg/springframework/test/context/TestContext;)V+18
j  org.springframework.test.context.web.ServletTestExecutionListener.prepareTestInstance(Lorg/springframework/test/context/TestContext;)V+2
j  org.springframework.test.context.TestContextManager.prepareTestInstance(Ljava/lang/Object;)V+71
j  org.springframework.test.context.junit.jupiter.SpringExtension.postProcessTestInstance(Ljava/lang/Object;Lorg/junit/jupiter/api/extension/ExtensionContext;)V+10
j  org.junit.jupiter.engine.descriptor.ClassBasedTestDescriptor.lambda$invokeTestInstancePostProcessors$10(Lorg/junit/jupiter/api/extension/TestInstancePostProcessor;Ljava/lang/Object;Lorg/junit/jupiter/api/extension/ExtensionContext;)V+3
j  org.junit.jupiter.engine.descriptor.ClassBasedTestDescriptor$$Lambda$456+0x0000000800d6a848.execute()V+12
j  org.junit.jupiter.engine.descriptor.ClassBasedTestDescriptor.executeAndMaskThrowable(Lorg/junit/jupiter/api/function/Executable;)V+1
j  org.junit.jupiter.engine.descriptor.ClassBasedTestDescriptor.lambda$invokeTestInstancePostProcessors$11(Ljava/lang/Object;Lorg/junit/jupiter/api/extension/ExtensionContext;Lorg/junit/jupiter/api/extension/TestInstancePostProcessor;)V+9
j  org.junit.jupiter.engine.descriptor.ClassBasedTestDescriptor$$Lambda$455+0x0000000800d6a440.accept(Ljava/lang/Object;)V+16
j  java.util.stream.StreamSpliterators$WrappingSpliterator$$Lambda$302+0x0000000800c755f8.accept(Ljava/lang/Object;)V+5 java.base@18.0.2
J 1432 c1 java.util.stream.ReferencePipeline$3$1.accept(Ljava/lang/Object;)V java.base@18.0.2 (23 bytes) @ 0x000002b2af87460c [0x000002b2af874440+0x00000000000001cc]
J 896 c1 java.util.stream.ReferencePipeline$2$1.accept(Ljava/lang/Object;)V java.base@18.0.2 (27 bytes) @ 0x000002b2af729ed4 [0x000002b2af729cc0+0x0000000000000214]
j  java.util.ArrayList$ArrayListSpliterator.forEachRemaining(Ljava/util/function/Consumer;)V+95 java.base@18.0.2
j  java.util.stream.AbstractPipeline.copyInto(Ljava/util/stream/Sink;Ljava/util/Spliterator;)V+32 java.base@18.0.2
j  java.util.stream.AbstractPipeline.wrapAndCopyInto(Ljava/util/stream/Sink;Ljava/util/Spliterator;)Ljava/util/stream/Sink;+13 java.base@18.0.2
j  java.util.stream.StreamSpliterators$WrappingSpliterator.forEachRemaining(Ljava/util/function/Consumer;)V+42 java.base@18.0.2
j  java.util.stream.Streams$ConcatSpliterator.forEachRemaining(Ljava/util/function/Consumer;)V+22 java.base@18.0.2
j  java.util.stream.Streams$ConcatSpliterator.forEachRemaining(Ljava/util/function/Consumer;)V+12 java.base@18.0.2
j  java.util.stream.ReferencePipeline$Head.forEach(Ljava/util/function/Consumer;)V+12 java.base@18.0.2
j  org.junit.jupiter.engine.descriptor.ClassBasedTestDescriptor.invokeTestInstancePostProcessors(Ljava/lang/Object;Lorg/junit/jupiter/engine/extension/ExtensionRegistry;Lorg/junit/jupiter/api/extension/ExtensionContext;)V+17
j  org.junit.jupiter.engine.descriptor.ClassBasedTestDescriptor.lambda$instantiateAndPostProcessTestInstance$6(Lorg/junit/jupiter/api/extension/TestInstances;Lorg/junit/jupiter/engine/extension/ExtensionRegistry;Lorg/junit/jupiter/api/extension/ExtensionContext;Lorg/junit/jupiter/engine/extension/ExtensionRegistrar;)V+9
j  org.junit.jupiter.engine.descriptor.ClassBasedTestDescriptor$$Lambda$454+0x0000000800d6a230.execute()V+20
j  org.junit.platform.engine.support.hierarchical.ThrowableCollector.execute(Lorg/junit/platform/engine/support/hierarchical/ThrowableCollector$Executable;)V+1
j  org.junit.jupiter.engine.descriptor.ClassBasedTestDescriptor.instantiateAndPostProcessTestInstance(Lorg/junit/jupiter/engine/execution/JupiterEngineExecutionContext;Lorg/junit/jupiter/api/extension/ExtensionContext;Lorg/junit/jupiter/engine/extension/ExtensionRegistry;Lorg/junit/jupiter/engine/extension/ExtensionRegistrar;Lorg/junit/platform/engine/support/hierarchical/ThrowableCollector;)Lorg/junit/jupiter/api/extension/TestInstances;+27
j  org.junit.jupiter.engine.descriptor.ClassBasedTestDescriptor.lambda$testInstancesProvider$4(Lorg/junit/jupiter/engine/execution/JupiterEngineExecutionContext;Lorg/junit/jupiter/engine/descriptor/ClassExtensionContext;Lorg/junit/jupiter/engine/extension/ExtensionRegistry;Lorg/junit/jupiter/engine/extension/ExtensionRegistrar;Lorg/junit/platform/engine/support/hierarchical/ThrowableCollector;)Lorg/junit/jupiter/api/extension/TestInstances;+8
j  org.junit.jupiter.engine.descriptor.ClassBasedTestDescriptor$$Lambda$448+0x0000000800d6e258.get()Ljava/lang/Object;+24
j  java.util.Optional.orElseGet(Ljava/util/function/Supplier;)Ljava/lang/Object;+15 java.base@18.0.2
j  org.junit.jupiter.engine.descriptor.ClassBasedTestDescriptor.lambda$testInstancesProvider$5(Lorg/junit/jupiter/engine/descriptor/ClassExtensionContext;Lorg/junit/jupiter/engine/execution/JupiterEngineExecutionContext;Lorg/junit/jupiter/engine/extension/ExtensionRegistry;Lorg/junit/jupiter/engine/extension/ExtensionRegistrar;Lorg/junit/platform/engine/support/hierarchical/ThrowableCollector;)Lorg/junit/jupiter/api/extension/TestInstances;+17
j  org.junit.jupiter.engine.descriptor.ClassBasedTestDescriptor$$Lambda$321+0x0000000800ca61b8.getTestInstances(Lorg/junit/jupiter/engine/extension/ExtensionRegistry;Lorg/junit/jupiter/engine/extension/ExtensionRegistrar;Lorg/junit/platform/engine/support/hierarchical/ThrowableCollector;)Lorg/junit/jupiter/api/extension/TestInstances;+15
j  org.junit.jupiter.engine.execution.TestInstancesProvider.getTestInstances(Lorg/junit/jupiter/engine/extension/MutableExtensionRegistry;Lorg/junit/platform/engine/support/hierarchical/ThrowableCollector;)Lorg/junit/jupiter/api/extension/TestInstances;+4
j  org.junit.jupiter.engine.descriptor.TestMethodTestDescriptor.lambda$prepare$0(Lorg/junit/jupiter/engine/execution/JupiterEngineExecutionContext;Lorg/junit/jupiter/engine/extension/MutableExtensionRegistry;Lorg/junit/platform/engine/support/hierarchical/ThrowableCollector;Lorg/junit/jupiter/engine/descriptor/MethodExtensionContext;)V+6
j  org.junit.jupiter.engine.descriptor.TestMethodTestDescriptor$$Lambda$447+0x0000000800d6e048.execute()V+16
j  org.junit.platform.engine.support.hierarchical.ThrowableCollector.execute(Lorg/junit/platform/engine/support/hierarchical/ThrowableCollector$Executable;)V+1
j  org.junit.jupiter.engine.descriptor.TestMethodTestDescriptor.prepare(Lorg/junit/jupiter/engine/execution/JupiterEngineExecutionContext;)Lorg/junit/jupiter/engine/execution/JupiterEngineExecutionContext;+56
j  org.junit.jupiter.engine.descriptor.TestMethodTestDescriptor.prepare(Lorg/junit/platform/engine/support/hierarchical/EngineExecutionContext;)Lorg/junit/platform/engine/support/hierarchical/EngineExecutionContext;+5
j  org.junit.platform.engine.support.hierarchical.NodeTestTask.lambda$prepare$2()V+9
j  org.junit.platform.engine.support.hierarchical.NodeTestTask$$Lambda$255+0x0000000800c93700.execute()V+4
j  org.junit.platform.engine.support.hierarchical.ThrowableCollector.execute(Lorg/junit/platform/engine/support/hierarchical/ThrowableCollector$Executable;)V+1
j  org.junit.platform.engine.support.hierarchical.NodeTestTask.prepare()V+10
j  org.junit.platform.engine.support.hierarchical.NodeTestTask.execute()V+17
j  org.junit.platform.engine.support.hierarchical.SameThreadHierarchicalTestExecutorService$$Lambda$277+0x0000000800c9b008.accept(Ljava/lang/Object;)V+4
j  java.util.ArrayList.forEach(Ljava/util/function/Consumer;)V+46 java.base@18.0.2
j  org.junit.platform.engine.support.hierarchical.SameThreadHierarchicalTestExecutorService.invokeAll(Ljava/util/List;)V+6
j  org.junit.platform.engine.support.hierarchical.NodeTestTask.lambda$executeRecursively$6()V+116
j  org.junit.platform.engine.support.hierarchical.NodeTestTask$$Lambda$273+0x0000000800c9a568.execute()V+4
j  org.junit.platform.engine.support.hierarchical.ThrowableCollector.execute(Lorg/junit/platform/engine/support/hierarchical/ThrowableCollector$Executable;)V+1
j  org.junit.platform.engine.support.hierarchical.NodeTestTask.lambda$executeRecursively$8(Lorg/junit/platform/engine/support/hierarchical/EngineExecutionContext;)V+15
j  org.junit.platform.engine.support.hierarchical.NodeTestTask$$Lambda$272+0x0000000800c9a358.invoke(Lorg/junit/platform/engine/support/hierarchical/EngineExecutionContext;)V+5
j  org.junit.platform.engine.support.hierarchical.Node.around(Lorg/junit/platform/engine/support/hierarchical/EngineExecutionContext;Lorg/junit/platform/engine/support/hierarchical/Node$Invocation;)V+2
j  org.junit.platform.engine.support.hierarchical.NodeTestTask.lambda$executeRecursively$9()V+14
j  org.junit.platform.engine.support.hierarchical.NodeTestTask$$Lambda$271+0x0000000800c99f60.execute()V+4
j  org.junit.platform.engine.support.hierarchical.ThrowableCollector.execute(Lorg/junit/platform/engine/support/hierarchical/ThrowableCollector$Executable;)V+1
j  org.junit.platform.engine.support.hierarchical.NodeTestTask.executeRecursively()V+31
j  org.junit.platform.engine.support.hierarchical.NodeTestTask.execute()V+55
j  org.junit.platform.engine.support.hierarchical.SameThreadHierarchicalTestExecutorService$$Lambda$277+0x0000000800c9b008.accept(Ljava/lang/Object;)V+4
j  java.util.ArrayList.forEach(Ljava/util/function/Consumer;)V+46 java.base@18.0.2
j  org.junit.platform.engine.support.hierarchical.SameThreadHierarchicalTestExecutorService.invokeAll(Ljava/util/List;)V+6
j  org.junit.platform.engine.support.hierarchical.NodeTestTask.lambda$executeRecursively$6()V+116
j  org.junit.platform.engine.support.hierarchical.NodeTestTask$$Lambda$273+0x0000000800c9a568.execute()V+4
j  org.junit.platform.engine.support.hierarchical.ThrowableCollector.execute(Lorg/junit/platform/engine/support/hierarchical/ThrowableCollector$Executable;)V+1
j  org.junit.platform.engine.support.hierarchical.NodeTestTask.lambda$executeRecursively$8(Lorg/junit/platform/engine/support/hierarchical/EngineExecutionContext;)V+15
j  org.junit.platform.engine.support.hierarchical.NodeTestTask$$Lambda$272+0x0000000800c9a358.invoke(Lorg/junit/platform/engine/support/hierarchical/EngineExecutionContext;)V+5
j  org.junit.platform.engine.support.hierarchical.Node.around(Lorg/junit/platform/engine/support/hierarchical/EngineExecutionContext;Lorg/junit/platform/engine/support/hierarchical/Node$Invocation;)V+2
j  org.junit.platform.engine.support.hierarchical.NodeTestTask.lambda$executeRecursively$9()V+14
j  org.junit.platform.engine.support.hierarchical.NodeTestTask$$Lambda$271+0x0000000800c99f60.execute()V+4
j  org.junit.platform.engine.support.hierarchical.ThrowableCollector.execute(Lorg/junit/platform/engine/support/hierarchical/ThrowableCollector$Executable;)V+1
j  org.junit.platform.engine.support.hierarchical.NodeTestTask.executeRecursively()V+31
j  org.junit.platform.engine.support.hierarchical.NodeTestTask.execute()V+55
j  org.junit.platform.engine.support.hierarchical.SameThreadHierarchicalTestExecutorService.submit(Lorg/junit/platform/engine/support/hierarchical/HierarchicalTestExecutorService$TestTask;)Ljava/util/concurrent/Future;+1
j  org.junit.platform.engine.support.hierarchical.HierarchicalTestExecutor.execute()Ljava/util/concurrent/Future;+74
j  org.junit.platform.engine.support.hierarchical.HierarchicalTestEngine.execute(Lorg/junit/platform/engine/ExecutionRequest;)V+31
j  org.junit.platform.launcher.core.EngineExecutionOrchestrator.execute(Lorg/junit/platform/engine/TestDescriptor;Lorg/junit/platform/engine/EngineExecutionListener;Lorg/junit/platform/engine/ConfigurationParameters;Lorg/junit/platform/engine/TestEngine;)V+24
j  org.junit.platform.launcher.core.EngineExecutionOrchestrator.execute(Lorg/junit/platform/launcher/core/LauncherDiscoveryResult;Lorg/junit/platform/engine/EngineExecutionListener;)V+100
j  org.junit.platform.launcher.core.EngineExecutionOrchestrator.execute(Lorg/junit/platform/launcher/core/InternalTestPlan;Lorg/junit/platform/engine/EngineExecutionListener;Lorg/junit/platform/launcher/TestExecutionListener;)V+63
j  org.junit.platform.launcher.core.EngineExecutionOrchestrator.lambda$execute$0(Lorg/junit/platform/launcher/core/InternalTestPlan;Lorg/junit/platform/launcher/TestExecutionListener;)V+6
j  org.junit.platform.launcher.core.EngineExecutionOrchestrator$$Lambda$215+0x0000000800c85448.accept(Ljava/lang/Object;)V+12
j  org.junit.platform.launcher.core.EngineExecutionOrchestrator.withInterceptedStreams(Lorg/junit/platform/engine/ConfigurationParameters;Lorg/junit/platform/launcher/core/ListenerRegistry;Ljava/util/function/Consumer;)V+51
j  org.junit.platform.launcher.core.EngineExecutionOrchestrator.execute(Lorg/junit/platform/launcher/core/InternalTestPlan;[Lorg/junit/platform/launcher/TestExecutionListener;)V+23
j  org.junit.platform.launcher.core.DefaultLauncher.execute(Lorg/junit/platform/launcher/core/InternalTestPlan;[Lorg/junit/platform/launcher/TestExecutionListener;)V+6
j  org.junit.platform.launcher.core.DefaultLauncher.execute(Lorg/junit/platform/launcher/LauncherDiscoveryRequest;[Lorg/junit/platform/launcher/TestExecutionListener;)V+34
j  org.junit.platform.launcher.core.DefaultLauncherSession$DelegatingLauncher.execute(Lorg/junit/platform/launcher/LauncherDiscoveryRequest;[Lorg/junit/platform/launcher/TestExecutionListener;)V+6
j  org.junit.platform.launcher.core.SessionPerRequestLauncher.execute(Lorg/junit/platform/launcher/LauncherDiscoveryRequest;[Lorg/junit/platform/launcher/TestExecutionListener;)V+13
j  com.intellij.junit5.JUnit5IdeaTestRunner.startRunnerWithArgs([Ljava/lang/String;Ljava/lang/String;IZ)I+202
j  com.intellij.rt.junit.IdeaTestRunner$Repeater$1.execute(Z)I+17
j  com.intellij.rt.execution.junit.TestsRepeater.repeat(IZLcom/intellij/rt/execution/junit/TestsRepeater$TestRun;)I+7
j  com.intellij.rt.junit.IdeaTestRunner$Repeater.startRunnerWithArgs(Lcom/intellij/rt/junit/IdeaTestRunner;[Ljava/lang/String;Ljava/util/ArrayList;Ljava/lang/String;IZ)I+25
j  com.intellij.rt.junit.JUnitStarter.prepareStreamsAndStart([Ljava/lang/String;Ljava/lang/String;Ljava/util/ArrayList;Ljava/lang/String;)I+116
j  com.intellij.rt.junit.JUnitStarter.main([Ljava/lang/String;)V+97
v  ~StubRoutines::call_stub

---------------  P R O C E S S  ---------------

Threads class SMR info:
_java_thread_list=0x000002b2c7c14ca0, length=14, elements={
0x000002b2a745f120, 0x000002b2a74f66e0, 0x000002b2a74f7340, 0x000002b2a750f340,
0x000002b2a7510cf0, 0x000002b2a7511690, 0x000002b2a7512030, 0x000002b2a7512d00,
0x000002b2a75136e0, 0x000002b2c2a3b5d0, 0x000002b2c29cc0d0, 0x000002b2c6d35e20,
0x000002b2c6d362e0, 0x000002b2c7b787b0
}

Java Threads: ( => current thread )
=>0x000002b2a745f120 JavaThread "main" [_thread_in_vm, id=9628, stack(0x000000fbe6f00000,0x000000fbe7000000)]
  0x000002b2a74f66e0 JavaThread "Reference Handler" daemon [_thread_blocked, id=6884, stack(0x000000fbe7600000,0x000000fbe7700000)]
  0x000002b2a74f7340 JavaThread "Finalizer" daemon [_thread_blocked, id=7756, stack(0x000000fbe7700000,0x000000fbe7800000)]
  0x000002b2a750f340 JavaThread "Signal Dispatcher" daemon [_thread_blocked, id=11304, stack(0x000000fbe7800000,0x000000fbe7900000)]
  0x000002b2a7510cf0 JavaThread "Attach Listener" daemon [_thread_blocked, id=7536, stack(0x000000fbe7900000,0x000000fbe7a00000)]
  0x000002b2a7511690 JavaThread "Service Thread" daemon [_thread_blocked, id=5324, stack(0x000000fbe7a00000,0x000000fbe7b00000)]
  0x000002b2a7512030 JavaThread "Monitor Deflation Thread" daemon [_thread_blocked, id=8432, stack(0x000000fbe7b00000,0x000000fbe7c00000)]
  0x000002b2a7512d00 JavaThread "C2 CompilerThread0" daemon [_thread_blocked, id=12016, stack(0x000000fbe7c00000,0x000000fbe7d00000)]
  0x000002b2a75136e0 JavaThread "C1 CompilerThread0" daemon [_thread_blocked, id=10496, stack(0x000000fbe7d00000,0x000000fbe7e00000)]
  0x000002b2c2a3b5d0 JavaThread "Sweeper thread" daemon [_thread_blocked, id=10980, stack(0x000000fbe7e00000,0x000000fbe7f00000)]
  0x000002b2c29cc0d0 JavaThread "Common-Cleaner" daemon [_thread_blocked, id=2484, stack(0x000000fbe7f00000,0x000000fbe8000000)]
  0x000002b2c6d35e20 JavaThread "Monitor Ctrl-Break" daemon [_thread_in_native, id=3776, stack(0x000000fbe8000000,0x000000fbe8100000)]
  0x000002b2c6d362e0 JavaThread "Notification Thread" daemon [_thread_blocked, id=13408, stack(0x000000fbe8100000,0x000000fbe8200000)]
  0x000002b2c7b787b0 JavaThread "background-preinit" [_thread_in_vm, id=11648, stack(0x000000fbe8800000,0x000000fbe8900000)]

Other Threads:
  0x000002b2a74f1f30 VMThread "VM Thread" [stack: 0x000000fbe7500000,0x000000fbe7600000] [id=9480]
  0x000002b2a74600c0 WatcherThread "VM Periodic Task Thread" [stack: 0x000000fbe8200000,0x000000fbe8300000] [id=13396]
  0x000002b2a749f9d0 WorkerThread "GC Thread#0" [stack: 0x000000fbe7000000,0x000000fbe7100000] [id=4348]
  0x000002b2c7266890 WorkerThread "GC Thread#1" [stack: 0x000000fbe8400000,0x000000fbe8500000] [id=12172]
  0x000002b2c76c8c10 WorkerThread "GC Thread#2" [stack: 0x000000fbe8500000,0x000000fbe8600000] [id=3652]
  0x000002b2c770ac00 WorkerThread "GC Thread#3" [stack: 0x000000fbe8600000,0x000000fbe8700000] [id=10772]
  0x000002b2a74a7b20 ConcurrentGCThread "G1 Main Marker" [stack: 0x000000fbe7100000,0x000000fbe7200000] [id=5208]
  0x000002b2a74a8510 WorkerThread "G1 Conc#0" [stack: 0x000000fbe7200000,0x000000fbe7300000] [id=5064]
  0x000002b2a52ee850 ConcurrentGCThread "G1 Refine#0" [stack: 0x000000fbe7300000,0x000000fbe7400000] [id=12424]
  0x000002b2c759d250 ConcurrentGCThread "G1 Refine#1" [stack: 0x000000fbe8700000,0x000000fbe8800000] [id=10760]
  0x000002b2a74cd160 ConcurrentGCThread "G1 Service" [stack: 0x000000fbe7400000,0x000000fbe7500000] [id=11800]

Threads with active compile tasks:

VM state: not at safepoint (normal execution)

VM Mutex/Monitor currently owned by a thread:  ([mutex/lock_event])
[0x000002b2a74596b0] Metaspace_lock - owner thread: 0x000002b2a745f120

Heap address: 0x00000000c1400000, size: 1004 MB, Compressed Oops mode: 32-bit

CDS archive(s) mapped at: [0x0000000800000000-0x0000000800ba0000-0x0000000800ba0000), size 12189696, SharedBaseAddress: 0x0000000800000000, ArchiveRelocationMode: 0.
Compressed class space mapped at: 0x0000000800c00000-0x0000000840c00000, reserved size: 1073741824
Narrow klass base: 0x0000000800000000, Narrow klass shift: 0, Narrow klass range: 0x100000000

GC Precious Log:
 CardTable entry size: 512
 Card Set container configuration: InlinePtr #cards 5 size 8 Array Of Cards #cards 12 size 40 Howl #buckets 4 coarsen threshold 1843 Howl Bitmap #cards 512 size 80 coarsen threshold 460 Card regions per heap region 1 cards per card region 2048
 CPUs: 4 total, 4 available
 Memory: 4012M
 Large Page Support: Disabled
 NUMA Support: Disabled
 Compressed Oops: Enabled (32-bit)
 Heap Region Size: 1M
 Heap Min Capacity: 8M
 Heap Initial Capacity: 64M
 Heap Max Capacity: 1004M
 Pre-touch: Disabled
 Parallel Workers: 4
 Concurrent Workers: 1
 Concurrent Refinement Workers: 4
 Periodic GC: Disabled

Heap:
 garbage-first heap   total 65536K, used 29207K [0x00000000c1400000, 0x0000000100000000)
  region size 1024K, 25 young (25600K), 3 survivors (3072K)
 Metaspace       used 16698K, committed 16896K, reserved 1114112K
  class space    used 2066K, committed 2176K, reserved 1048576K

Heap Regions: E=young(eden), S=young(survivor), O=old, HS=humongous(starts), HC=humongous(continues), CS=collection set, F=free, OA=open archive, CA=closed archive, TAMS=top-at-mark-start (previous, next)
|   0|0x00000000c1400000, 0x00000000c1500000, 0x00000000c1500000|100%|HS|  |TAMS 0x00000000c1400000, 0x00000000c1400000| Complete 
|   1|0x00000000c1500000, 0x00000000c1600000, 0x00000000c1600000|100%| O|  |TAMS 0x00000000c1500000, 0x00000000c1500000| Untracked 
|   2|0x00000000c1600000, 0x00000000c1700000, 0x00000000c1700000|100%| O|  |TAMS 0x00000000c1600000, 0x00000000c1600000| Untracked 
|   3|0x00000000c1700000, 0x00000000c1800000, 0x00000000c1800000|100%| O|  |TAMS 0x00000000c1700000, 0x00000000c1700000| Untracked 
|   4|0x00000000c1800000, 0x00000000c1900000, 0x00000000c1900000|100%| O|  |TAMS 0x00000000c1800000, 0x00000000c1800000| Untracked 
|   5|0x00000000c1900000, 0x00000000c1a00000, 0x00000000c1a00000|100%| O|  |TAMS 0x00000000c1900000, 0x00000000c1900000| Untracked 
|   6|0x00000000c1a00000, 0x00000000c1a57600, 0x00000000c1b00000| 34%| O|  |TAMS 0x00000000c1a00000, 0x00000000c1a00000| Untracked 
|   7|0x00000000c1b00000, 0x00000000c1b00000, 0x00000000c1c00000|  0%| F|  |TAMS 0x00000000c1b00000, 0x00000000c1b00000| Untracked 
|   8|0x00000000c1c00000, 0x00000000c1c00000, 0x00000000c1d00000|  0%| F|  |TAMS 0x00000000c1c00000, 0x00000000c1c00000| Untracked 
|   9|0x00000000c1d00000, 0x00000000c1d00000, 0x00000000c1e00000|  0%| F|  |TAMS 0x00000000c1d00000, 0x00000000c1d00000| Untracked 
|  10|0x00000000c1e00000, 0x00000000c1e00000, 0x00000000c1f00000|  0%| F|  |TAMS 0x00000000c1e00000, 0x00000000c1e00000| Untracked 
|  11|0x00000000c1f00000, 0x00000000c1f00000, 0x00000000c2000000|  0%| F|  |TAMS 0x00000000c1f00000, 0x00000000c1f00000| Untracked 
|  12|0x00000000c2000000, 0x00000000c2000000, 0x00000000c2100000|  0%| F|  |TAMS 0x00000000c2000000, 0x00000000c2000000| Untracked 
|  13|0x00000000c2100000, 0x00000000c2100000, 0x00000000c2200000|  0%| F|  |TAMS 0x00000000c2100000, 0x00000000c2100000| Untracked 
|  14|0x00000000c2200000, 0x00000000c2200000, 0x00000000c2300000|  0%| F|  |TAMS 0x00000000c2200000, 0x00000000c2200000| Untracked 
|  15|0x00000000c2300000, 0x00000000c2300000, 0x00000000c2400000|  0%| F|  |TAMS 0x00000000c2300000, 0x00000000c2300000| Untracked 
|  16|0x00000000c2400000, 0x00000000c2400000, 0x00000000c2500000|  0%| F|  |TAMS 0x00000000c2400000, 0x00000000c2400000| Untracked 
|  17|0x00000000c2500000, 0x00000000c2500000, 0x00000000c2600000|  0%| F|  |TAMS 0x00000000c2500000, 0x00000000c2500000| Untracked 
|  18|0x00000000c2600000, 0x00000000c2600000, 0x00000000c2700000|  0%| F|  |TAMS 0x00000000c2600000, 0x00000000c2600000| Untracked 
|  19|0x00000000c2700000, 0x00000000c2700000, 0x00000000c2800000|  0%| F|  |TAMS 0x00000000c2700000, 0x00000000c2700000| Untracked 
|  20|0x00000000c2800000, 0x00000000c2800000, 0x00000000c2900000|  0%| F|  |TAMS 0x00000000c2800000, 0x00000000c2800000| Untracked 
|  21|0x00000000c2900000, 0x00000000c2900000, 0x00000000c2a00000|  0%| F|  |TAMS 0x00000000c2900000, 0x00000000c2900000| Untracked 
|  22|0x00000000c2a00000, 0x00000000c2a00000, 0x00000000c2b00000|  0%| F|  |TAMS 0x00000000c2a00000, 0x00000000c2a00000| Untracked 
|  23|0x00000000c2b00000, 0x00000000c2b00000, 0x00000000c2c00000|  0%| F|  |TAMS 0x00000000c2b00000, 0x00000000c2b00000| Untracked 
|  24|0x00000000c2c00000, 0x00000000c2c00000, 0x00000000c2d00000|  0%| F|  |TAMS 0x00000000c2c00000, 0x00000000c2c00000| Untracked 
|  25|0x00000000c2d00000, 0x00000000c2d00000, 0x00000000c2e00000|  0%| F|  |TAMS 0x00000000c2d00000, 0x00000000c2d00000| Untracked 
|  26|0x00000000c2e00000, 0x00000000c2e00000, 0x00000000c2f00000|  0%| F|  |TAMS 0x00000000c2e00000, 0x00000000c2e00000| Untracked 
|  27|0x00000000c2f00000, 0x00000000c2f00000, 0x00000000c3000000|  0%| F|  |TAMS 0x00000000c2f00000, 0x00000000c2f00000| Untracked 
|  28|0x00000000c3000000, 0x00000000c3000000, 0x00000000c3100000|  0%| F|  |TAMS 0x00000000c3000000, 0x00000000c3000000| Untracked 
|  29|0x00000000c3100000, 0x00000000c3100000, 0x00000000c3200000|  0%| F|  |TAMS 0x00000000c3100000, 0x00000000c3100000| Untracked 
|  30|0x00000000c3200000, 0x00000000c3200000, 0x00000000c3300000|  0%| F|  |TAMS 0x00000000c3200000, 0x00000000c3200000| Untracked 
|  31|0x00000000c3300000, 0x00000000c3300000, 0x00000000c3400000|  0%| F|  |TAMS 0x00000000c3300000, 0x00000000c3300000| Untracked 
|  32|0x00000000c3400000, 0x00000000c3400000, 0x00000000c3500000|  0%| F|  |TAMS 0x00000000c3400000, 0x00000000c3400000| Untracked 
|  33|0x00000000c3500000, 0x00000000c3500000, 0x00000000c3600000|  0%| F|  |TAMS 0x00000000c3500000, 0x00000000c3500000| Untracked 
|  34|0x00000000c3600000, 0x00000000c3600000, 0x00000000c3700000|  0%| F|  |TAMS 0x00000000c3600000, 0x00000000c3600000| Untracked 
|  35|0x00000000c3700000, 0x00000000c3700000, 0x00000000c3800000|  0%| F|  |TAMS 0x00000000c3700000, 0x00000000c3700000| Untracked 
|  36|0x00000000c3800000, 0x00000000c3800000, 0x00000000c3900000|  0%| F|  |TAMS 0x00000000c3800000, 0x00000000c3800000| Untracked 
|  37|0x00000000c3900000, 0x00000000c3900000, 0x00000000c3a00000|  0%| F|  |TAMS 0x00000000c3900000, 0x00000000c3900000| Untracked 
|  38|0x00000000c3a00000, 0x00000000c3a00000, 0x00000000c3b00000|  0%| F|  |TAMS 0x00000000c3a00000, 0x00000000c3a00000| Untracked 
|  39|0x00000000c3b00000, 0x00000000c3b2e890, 0x00000000c3c00000| 18%| S|CS|TAMS 0x00000000c3b00000, 0x00000000c3b00000| Complete 
|  40|0x00000000c3c00000, 0x00000000c3d00000, 0x00000000c3d00000|100%| S|CS|TAMS 0x00000000c3c00000, 0x00000000c3c00000| Complete 
|  41|0x00000000c3d00000, 0x00000000c3e00000, 0x00000000c3e00000|100%| S|CS|TAMS 0x00000000c3d00000, 0x00000000c3d00000| Complete 
|  42|0x00000000c3e00000, 0x00000000c3e8ee70, 0x00000000c3f00000| 55%| E|  |TAMS 0x00000000c3e00000, 0x00000000c3e00000| Complete 
|  43|0x00000000c3f00000, 0x00000000c4000000, 0x00000000c4000000|100%| E|CS|TAMS 0x00000000c3f00000, 0x00000000c3f00000| Complete 
|  44|0x00000000c4000000, 0x00000000c4100000, 0x00000000c4100000|100%| E|CS|TAMS 0x00000000c4000000, 0x00000000c4000000| Complete 
|  45|0x00000000c4100000, 0x00000000c4200000, 0x00000000c4200000|100%| E|CS|TAMS 0x00000000c4100000, 0x00000000c4100000| Complete 
|  46|0x00000000c4200000, 0x00000000c4300000, 0x00000000c4300000|100%| E|CS|TAMS 0x00000000c4200000, 0x00000000c4200000| Complete 
|  47|0x00000000c4300000, 0x00000000c4400000, 0x00000000c4400000|100%| E|CS|TAMS 0x00000000c4300000, 0x00000000c4300000| Complete 
|  48|0x00000000c4400000, 0x00000000c4500000, 0x00000000c4500000|100%| E|CS|TAMS 0x00000000c4400000, 0x00000000c4400000| Complete 
|  49|0x00000000c4500000, 0x00000000c4600000, 0x00000000c4600000|100%| E|CS|TAMS 0x00000000c4500000, 0x00000000c4500000| Complete 
|  50|0x00000000c4600000, 0x00000000c4700000, 0x00000000c4700000|100%| E|CS|TAMS 0x00000000c4600000, 0x00000000c4600000| Complete 
|  51|0x00000000c4700000, 0x00000000c4800000, 0x00000000c4800000|100%| E|CS|TAMS 0x00000000c4700000, 0x00000000c4700000| Complete 
|  52|0x00000000c4800000, 0x00000000c4900000, 0x00000000c4900000|100%| E|CS|TAMS 0x00000000c4800000, 0x00000000c4800000| Complete 
|  53|0x00000000c4900000, 0x00000000c4a00000, 0x00000000c4a00000|100%| E|CS|TAMS 0x00000000c4900000, 0x00000000c4900000| Complete 
|  54|0x00000000c4a00000, 0x00000000c4b00000, 0x00000000c4b00000|100%| E|CS|TAMS 0x00000000c4a00000, 0x00000000c4a00000| Complete 
|  55|0x00000000c4b00000, 0x00000000c4c00000, 0x00000000c4c00000|100%| E|CS|TAMS 0x00000000c4b00000, 0x00000000c4b00000| Complete 
|  56|0x00000000c4c00000, 0x00000000c4d00000, 0x00000000c4d00000|100%| E|  |TAMS 0x00000000c4c00000, 0x00000000c4c00000| Complete 
|  57|0x00000000c4d00000, 0x00000000c4e00000, 0x00000000c4e00000|100%| E|CS|TAMS 0x00000000c4d00000, 0x00000000c4d00000| Complete 
|  58|0x00000000c4e00000, 0x00000000c4f00000, 0x00000000c4f00000|100%| E|CS|TAMS 0x00000000c4e00000, 0x00000000c4e00000| Complete 
|  59|0x00000000c4f00000, 0x00000000c5000000, 0x00000000c5000000|100%| E|CS|TAMS 0x00000000c4f00000, 0x00000000c4f00000| Complete 
|  60|0x00000000c5000000, 0x00000000c5100000, 0x00000000c5100000|100%| E|CS|TAMS 0x00000000c5000000, 0x00000000c5000000| Complete 
|  61|0x00000000c5100000, 0x00000000c5200000, 0x00000000c5200000|100%| E|CS|TAMS 0x00000000c5100000, 0x00000000c5100000| Complete 
|  62|0x00000000c5200000, 0x00000000c5300000, 0x00000000c5300000|100%| E|CS|TAMS 0x00000000c5200000, 0x00000000c5200000| Complete 
|  63|0x00000000c5300000, 0x00000000c5400000, 0x00000000c5400000|100%| E|CS|TAMS 0x00000000c5300000, 0x00000000c5300000| Complete 

Card table byte_map: [0x000002b2be220000,0x000002b2be420000] _byte_map_base: 0x000002b2bdc16000

Marking Bits (Prev, Next): (CMBitMap*) 0x000002b2a74a13e0, (CMBitMap*) 0x000002b2a74a1420
 Prev Bits: [0x000002b2be620000, 0x000002b2bf5d0000)
 Next Bits: [0x000002b2bf5d0000, 0x000002b2c0580000)

Polling page: 0x000002b2a5420000

Metaspace:

Usage:
  Non-class:     14.29 MB used.
      Class:      2.02 MB used.
       Both:     16.31 MB used.

Virtual space:
  Non-class space:       64.00 MB reserved,      14.38 MB ( 22%) committed,  1 nodes.
      Class space:        1.00 GB reserved,       2.13 MB ( <1%) committed,  1 nodes.
             Both:        1.06 GB reserved,      16.50 MB (  2%) committed. 

Chunk freelists:
   Non-Class:  1.08 MB
       Class:  1.84 MB
        Both:  2.92 MB

MaxMetaspaceSize: unlimited
CompressedClassSpaceSize: 1.00 GB
Initial GC threshold: 21.00 MB
Current GC threshold: 21.00 MB
CDS: on
MetaspaceReclaimPolicy: balanced
 - commit_granule_bytes: 65536.
 - commit_granule_words: 8192.
 - virtual_space_node_default_size: 8388608.
 - enlarge_chunks_in_place: 1.
 - new_chunks_are_fully_committed: 0.
 - uncommit_free_chunks: 1.
 - use_allocation_guard: 0.


Internal statistics:

num_allocs_failed_limit: 0.
num_arena_births: 226.
num_arena_deaths: 0.
num_vsnodes_births: 2.
num_vsnodes_deaths: 0.
num_space_committed: 264.
num_space_uncommitted: 0.
num_chunks_returned_to_freelist: 0.
num_chunks_taken_from_freelist: 772.
num_chunk_merges: 0.
num_chunk_splits: 521.
num_chunks_enlarged: 408.
num_inconsistent_stats: 0.

CodeHeap 'non-profiled nmethods': size=120000Kb used=808Kb max_used=808Kb free=119191Kb
 bounds [0x000002b2b6af0000, 0x000002b2b6d60000, 0x000002b2be020000]
CodeHeap 'profiled nmethods': size=120000Kb used=4194Kb max_used=4194Kb free=115805Kb
 bounds [0x000002b2af5c0000, 0x000002b2af9e0000, 0x000002b2b6af0000]
CodeHeap 'non-nmethods': size=5760Kb used=1187Kb max_used=1220Kb free=4572Kb
 bounds [0x000002b2af020000, 0x000002b2af290000, 0x000002b2af5c0000]
 total_blobs=2593 nmethods=2117 adapters=388
 compilation: enabled
              stopped_count=0, restarted_count=0
 full_count=0

Compilation events (20 events):
Event: 5.206 Thread 0x000002b2a7512d00 2108       4       java.lang.StringLatin1::regionMatchesCI (98 bytes)
Event: 5.216 Thread 0x000002b2a75136e0 2109       3       org.springframework.core.annotation.TypeMappedAnnotations::isMappingForType (41 bytes)
Event: 5.217 Thread 0x000002b2a75136e0 nmethod 2109 0x000002b2af9d1590 code [0x000002b2af9d1760, 0x000002b2af9d1b88]
Event: 5.217 Thread 0x000002b2a75136e0 2111       3       java.lang.reflect.Proxy::isProxyClass (22 bytes)
Event: 5.219 Thread 0x000002b2a75136e0 nmethod 2111 0x000002b2af9d1d10 code [0x000002b2af9d1fa0, 0x000002b2af9d2f08]
Event: 5.219 Thread 0x000002b2a75136e0 2112       3       sun.reflect.annotation.AnnotationParser::parseMemberValue (230 bytes)
Event: 5.223 Thread 0x000002b2a75136e0 nmethod 2112 0x000002b2af9d3410 code [0x000002b2af9d3900, 0x000002b2af9d5ec8]
Event: 5.223 Thread 0x000002b2a75136e0 2113       3       java.lang.AbstractStringBuilder::append (77 bytes)
Event: 5.224 Thread 0x000002b2a75136e0 nmethod 2113 0x000002b2af9d6b10 code [0x000002b2af9d6d20, 0x000002b2af9d7418]
Event: 5.224 Thread 0x000002b2a75136e0 2110       3       java.util.LinkedHashMap::<init> (10 bytes)
Event: 5.225 Thread 0x000002b2a75136e0 nmethod 2110 0x000002b2af9d7690 code [0x000002b2af9d7840, 0x000002b2af9d7a78]
Event: 5.226 Thread 0x000002b2a75136e0 2114       3       java.lang.Character::isJavaIdentifierPart (5 bytes)
Event: 5.227 Thread 0x000002b2a75136e0 nmethod 2114 0x000002b2af9d7b90 code [0x000002b2af9d7d40, 0x000002b2af9d7f98]
Event: 5.228 Thread 0x000002b2a7512d00 nmethod 2108 0x000002b2b6bb9110 code [0x000002b2b6bb92c0, 0x000002b2b6bb9998]
Event: 5.229 Thread 0x000002b2a75136e0 2115       3       java.util.concurrent.ConcurrentHashMap::containsKey (14 bytes)
Event: 5.229 Thread 0x000002b2a75136e0 nmethod 2115 0x000002b2af9d8090 code [0x000002b2af9d8240, 0x000002b2af9d83e8]
Event: 5.280 Thread 0x000002b2a75136e0 2116       3       java.lang.invoke.MemberName::equals (24 bytes)
Event: 5.281 Thread 0x000002b2a75136e0 nmethod 2116 0x000002b2af9d8490 code [0x000002b2af9d8640, 0x000002b2af9d8a08]
Event: 5.283 Thread 0x000002b2a7512d00 2117       4       java.util.Arrays::copyOf (19 bytes)
Event: 5.287 Thread 0x000002b2a7512d00 nmethod 2117 0x000002b2b6bb9d90 code [0x000002b2b6bb9f20, 0x000002b2b6bba1f8]

GC Heap History (6 events):
Event: 1.692 GC heap before
{Heap before GC invocations=0 (full 0):
 garbage-first heap   total 65536K, used 13312K [0x00000000c1400000, 0x0000000100000000)
  region size 1024K, 13 young (13312K), 0 survivors (0K)
 Metaspace       used 3020K, committed 3200K, reserved 1114112K
  class space    used 300K, committed 384K, reserved 1048576K
}
Event: 1.714 GC heap after
{Heap after GC invocations=1 (full 0):
 garbage-first heap   total 65536K, used 6470K [0x00000000c1400000, 0x0000000100000000)
  region size 1024K, 2 young (2048K), 2 survivors (2048K)
 Metaspace       used 3020K, committed 3200K, reserved 1114112K
  class space    used 300K, committed 384K, reserved 1048576K
}
Event: 2.390 GC heap before
{Heap before GC invocations=1 (full 0):
 garbage-first heap   total 65536K, used 15686K [0x00000000c1400000, 0x0000000100000000)
  region size 1024K, 11 young (11264K), 2 survivors (2048K)
 Metaspace       used 5263K, committed 5440K, reserved 1114112K
  class space    used 637K, committed 704K, reserved 1048576K
}
Event: 2.398 GC heap after
{Heap after GC invocations=2 (full 0):
 garbage-first heap   total 65536K, used 7113K [0x00000000c1400000, 0x0000000100000000)
  region size 1024K, 1 young (1024K), 1 survivors (1024K)
 Metaspace       used 5263K, committed 5440K, reserved 1114112K
  class space    used 637K, committed 704K, reserved 1048576K
}
Event: 4.272 GC heap before
{Heap before GC invocations=2 (full 0):
 garbage-first heap   total 65536K, used 28617K [0x00000000c1400000, 0x0000000100000000)
  region size 1024K, 22 young (22528K), 1 survivors (1024K)
 Metaspace       used 11188K, committed 11392K, reserved 1114112K
  class space    used 1408K, committed 1472K, reserved 1048576K
}
Event: 4.282 GC heap after
{Heap after GC invocations=3 (full 0):
 garbage-first heap   total 65536K, used 8727K [0x00000000c1400000, 0x0000000100000000)
  region size 1024K, 3 young (3072K), 3 survivors (3072K)
 Metaspace       used 11188K, committed 11392K, reserved 1114112K
  class space    used 1408K, committed 1472K, reserved 1048576K
}

Deoptimization events (20 events):
Event: 5.154 Thread 0x000002b2c7b787b0 Uncommon trap: trap_request=0xffffff45 fr.pc=0x000002b2b6b08d20 relative=0x0000000000000400
Event: 5.154 Thread 0x000002b2c7b787b0 Uncommon trap: reason=unstable_if action=reinterpret pc=0x000002b2b6b08d20 method=java.lang.StringLatin1.canEncode(I)Z @ 4 c2
Event: 5.154 Thread 0x000002b2c7b787b0 DEOPT PACKING pc=0x000002b2b6b08d20 sp=0x000000fbe88fdb20
Event: 5.154 Thread 0x000002b2c7b787b0 DEOPT UNPACKING pc=0x000002b2af0723a3 sp=0x000000fbe88fda48 mode 2
Event: 5.154 Thread 0x000002b2c7b787b0 Uncommon trap: trap_request=0xffffff45 fr.pc=0x000002b2b6b09980 relative=0x00000000000003e0
Event: 5.154 Thread 0x000002b2c7b787b0 Uncommon trap: reason=unstable_if action=reinterpret pc=0x000002b2b6b09980 method=java.lang.AbstractStringBuilder.isLatin1()Z @ 10 c2
Event: 5.154 Thread 0x000002b2c7b787b0 DEOPT PACKING pc=0x000002b2b6b09980 sp=0x000000fbe88fdb40
Event: 5.154 Thread 0x000002b2c7b787b0 DEOPT UNPACKING pc=0x000002b2af0723a3 sp=0x000000fbe88fdac0 mode 2
Event: 5.154 Thread 0x000002b2c7b787b0 Uncommon trap: trap_request=0xffffff45 fr.pc=0x000002b2b6b1915c relative=0x000000000000005c
Event: 5.154 Thread 0x000002b2c7b787b0 Uncommon trap: reason=unstable_if action=reinterpret pc=0x000002b2b6b1915c method=java.lang.AbstractStringBuilder.isLatin1()Z @ 10 c2
Event: 5.154 Thread 0x000002b2c7b787b0 DEOPT PACKING pc=0x000002b2b6b1915c sp=0x000000fbe88fdb20
Event: 5.154 Thread 0x000002b2c7b787b0 DEOPT UNPACKING pc=0x000002b2af0723a3 sp=0x000000fbe88fdab0 mode 2
Event: 5.158 Thread 0x000002b2c7b787b0 Uncommon trap: trap_request=0xffffff45 fr.pc=0x000002b2b6af6edc relative=0x000000000000005c
Event: 5.158 Thread 0x000002b2c7b787b0 Uncommon trap: reason=unstable_if action=reinterpret pc=0x000002b2b6af6edc method=java.lang.String.isLatin1()Z @ 10 c2
Event: 5.158 Thread 0x000002b2c7b787b0 DEOPT PACKING pc=0x000002b2b6af6edc sp=0x000000fbe88fd7b0
Event: 5.158 Thread 0x000002b2c7b787b0 DEOPT UNPACKING pc=0x000002b2af0723a3 sp=0x000000fbe88fd740 mode 2
Event: 5.159 Thread 0x000002b2c7b787b0 Uncommon trap: trap_request=0xffffff45 fr.pc=0x000002b2b6b2f248 relative=0x0000000000000048
Event: 5.159 Thread 0x000002b2c7b787b0 Uncommon trap: reason=unstable_if action=reinterpret pc=0x000002b2b6b2f248 method=java.lang.CharacterData.of(I)Ljava/lang/CharacterData; @ 4 c2
Event: 5.159 Thread 0x000002b2c7b787b0 DEOPT PACKING pc=0x000002b2b6b2f248 sp=0x000000fbe88fd2a0
Event: 5.159 Thread 0x000002b2c7b787b0 DEOPT UNPACKING pc=0x000002b2af0723a3 sp=0x000000fbe88fd238 mode 2

Classes loaded (20 events):
Event: 5.046 Loading class java/lang/invoke/VarHandleLongs$Array
Event: 5.047 Loading class java/io/CharConversionException
Event: 5.047 Loading class java/io/CharConversionException done
Event: 5.049 Loading class java/lang/invoke/VarHandleLongs$Array done
Event: 5.049 Loading class java/util/concurrent/atomic/AtomicReferenceArray
Event: 5.049 Loading class java/util/concurrent/atomic/AtomicReferenceArray done
Event: 5.053 Loading class java/lang/Deprecated
Event: 5.053 Loading class java/lang/Deprecated done
Event: 5.111 Loading class java/util/RegularEnumSet$EnumSetIterator
Event: 5.111 Loading class java/util/RegularEnumSet$EnumSetIterator done
Event: 5.151 Loading class sun/text/resources/cldr/FormatData_en
Event: 5.152 Loading class sun/text/resources/cldr/FormatData_en done
Event: 5.153 Loading class sun/text/resources/cldr/FormatData_en_US
Event: 5.153 Loading class sun/text/resources/cldr/FormatData_en_US done
Event: 5.186 Loading class java/io/CharArrayReader
Event: 5.186 Loading class java/io/CharArrayReader done
Event: 5.289 Loading class java/beans/IntrospectionException
Event: 5.289 Loading class java/beans/IntrospectionException done
Event: 5.289 Loading class java/beans/PropertyDescriptor
Event: 5.289 Loading class java/beans/FeatureDescriptor

Classes unloaded (0 events):
No events

Classes redefined (0 events):
No events

Internal exceptions (20 events):
Event: 3.866 Thread 0x000002b2a745f120 Exception <a 'java/lang/NoSuchMethodError'{0x00000000c42d0900}: 'java.lang.Object java.lang.invoke.DirectMethodHandle$Holder.newInvokeSpecial(java.lang.Object, java.lang.Object, java.lang.Object, java.lang.Object, java.lang.Object, java.lang.Object, java.lang.Object)'> (0x00000000c42d0900) 
thrown [s\src\hotspot\share\interpreter\linkResolver.cpp, line 759]
Event: 3.867 Thread 0x000002b2a745f120 Exception <a 'java/lang/NoSuchMethodError'{0x00000000c42d54c0}: 'java.lang.Object java.lang.invoke.Invokers$Holder.linkToTargetMethod(java.lang.Object, java.lang.Object, java.lang.Object, java.lang.Object, java.lang.Object, java.lang.Object, java.lang.Object)'> (0x00000000c42d54c0) 
thrown [s\src\hotspot\share\interpreter\linkResolver.cpp, line 759]
Event: 3.872 Thread 0x000002b2a745f120 Exception <a 'java/lang/NoSuchMethodError'{0x00000000c42e5ce8}: 'java.lang.Object java.lang.invoke.DirectMethodHandle$Holder.invokeInterface(java.lang.Object, java.lang.Object, java.lang.Object, java.lang.Object, java.lang.Object)'> (0x00000000c42e5ce8) 
thrown [s\src\hotspot\share\interpreter\linkResolver.cpp, line 759]
Event: 3.872 Thread 0x000002b2a745f120 Exception <a 'java/lang/IncompatibleClassChangeError'{0x00000000c42e9ae0}: Found class java.lang.Object, but interface was expected> (0x00000000c42e9ae0) 
thrown [s\src\hotspot\share\interpreter\linkResolver.cpp, line 826]
Event: 4.179 Thread 0x000002b2a745f120 Exception <a 'java/lang/IncompatibleClassChangeError'{0x00000000c3febe18}: Found class java.lang.Object, but interface was expected> (0x00000000c3febe18) 
thrown [s\src\hotspot\share\interpreter\linkResolver.cpp, line 826]
Event: 4.206 Thread 0x000002b2a745f120 Exception <a 'sun/nio/fs/WindowsException'{0x00000000c3e2ffa0}> (0x00000000c3e2ffa0) 
thrown [s\src\hotspot\share\prims\jni.cpp, line 516]
Event: 4.340 Thread 0x000002b2a745f120 Exception <a 'java/lang/NoSuchMethodError'{0x00000000c53e0a78}: 'java.lang.Object java.lang.invoke.DirectMethodHandle$Holder.invokeSpecial(java.lang.Object, java.lang.Object, java.lang.Object, java.lang.Object, java.lang.Object, java.lang.Object, int)'> (0x00000000c53e0a78) 
thrown [s\src\hotspot\share\interpreter\linkResolver.cpp, line 759]
Event: 4.341 Thread 0x000002b2a745f120 Exception <a 'java/lang/NoSuchMethodError'{0x00000000c53eb530}: 'java.lang.Object java.lang.invoke.DirectMethodHandle$Holder.newInvokeSpecial(java.lang.Object, java.lang.Object, java.lang.Object, java.lang.Object, java.lang.Object, java.lang.Object, int)'> (0x00000000c53eb530) 
thrown [s\src\hotspot\share\interpreter\linkResolver.cpp, line 759]
Event: 4.342 Thread 0x000002b2a745f120 Exception <a 'java/lang/NoSuchMethodError'{0x00000000c53f0ad0}: 'java.lang.Object java.lang.invoke.DirectMethodHandle$Holder.invokeSpecial(java.lang.Object, java.lang.Object, java.lang.Object, java.lang.Object, java.lang.Object, java.lang.Object, java.lang.Object, int)'> (0x00000000c53f0ad0) 
thrown [s\src\hotspot\share\interpreter\linkResolver.cpp, line 759]
Event: 4.452 Thread 0x000002b2a745f120 Exception <a 'java/lang/NoSuchMethodError'{0x00000000c5129d68}: 'void java.lang.invoke.DirectMethodHandle$Holder.invokeStatic(java.lang.Object, java.lang.Object, java.lang.Object, java.lang.Object, java.lang.Object, java.lang.Object)'> (0x00000000c5129d68) 
thrown [s\src\hotspot\share\interpreter\linkResolver.cpp, line 759]
Event: 4.469 Thread 0x000002b2a745f120 Exception <a 'java/lang/NoSuchMethodError'{0x00000000c51625f0}: 'java.lang.Object java.lang.invoke.DirectMethodHandle$Holder.invokeSpecial(java.lang.Object, java.lang.Object, java.lang.Object, int, java.lang.Object)'> (0x00000000c51625f0) 
thrown [s\src\hotspot\share\interpreter\linkResolver.cpp, line 759]
Event: 4.470 Thread 0x000002b2a745f120 Exception <a 'java/lang/NoSuchMethodError'{0x00000000c516b0a8}: 'java.lang.Object java.lang.invoke.DirectMethodHandle$Holder.newInvokeSpecial(java.lang.Object, java.lang.Object, java.lang.Object, int, java.lang.Object)'> (0x00000000c516b0a8) 
thrown [s\src\hotspot\share\interpreter\linkResolver.cpp, line 759]
Event: 4.471 Thread 0x000002b2a745f120 Exception <a 'java/lang/NoSuchMethodError'{0x00000000c5172fd8}: 'java.lang.Object java.lang.invoke.Invokers$Holder.linkToTargetMethod(java.lang.Object, java.lang.Object, int, java.lang.Object, java.lang.Object)'> (0x00000000c5172fd8) 
thrown [s\src\hotspot\share\interpreter\linkResolver.cpp, line 759]
Event: 4.474 Thread 0x000002b2a745f120 Exception <a 'java/lang/NoSuchMethodError'{0x00000000c5187968}: 'java.lang.Object java.lang.invoke.DirectMethodHandle$Holder.newInvokeSpecial(java.lang.Object, int, java.lang.Object)'> (0x00000000c5187968) 
thrown [s\src\hotspot\share\interpreter\linkResolver.cpp, line 759]
Event: 4.596 Thread 0x000002b2a745f120 Exception <a 'java/lang/NoSuchMethodError'{0x00000000c50e8200}: 'java.lang.Object java.lang.invoke.DirectMethodHandle$Holder.invokeStatic(java.lang.Object, java.lang.Object, long, java.lang.Object)'> (0x00000000c50e8200) 
thrown [s\src\hotspot\share\interpreter\linkResolver.cpp, line 759]
Event: 4.597 Thread 0x000002b2a745f120 Exception <a 'java/lang/NoSuchMethodError'{0x00000000c50ec1e0}: 'java.lang.Object java.lang.invoke.DirectMethodHandle$Holder.invokeStaticInit(java.lang.Object, java.lang.Object, long, java.lang.Object)'> (0x00000000c50ec1e0) 
thrown [s\src\hotspot\share\interpreter\linkResolver.cpp, line 759]
Event: 4.598 Thread 0x000002b2a745f120 Exception <a 'java/lang/NoSuchMethodError'{0x00000000c50f2e70}: 'java.lang.Object java.lang.invoke.DirectMethodHandle$Holder.newInvokeSpecial(java.lang.Object, java.lang.Object, long)'> (0x00000000c50f2e70) 
thrown [s\src\hotspot\share\interpreter\linkResolver.cpp, line 759]
Event: 4.598 Thread 0x000002b2a745f120 Exception <a 'java/lang/NoSuchMethodError'{0x00000000c50f71e0}: 'java.lang.Object java.lang.invoke.Invokers$Holder.linkToTargetMethod(java.lang.Object, long, java.lang.Object)'> (0x00000000c50f71e0) 
thrown [s\src\hotspot\share\interpreter\linkResolver.cpp, line 759]
Event: 4.769 Thread 0x000002b2c7b787b0 Exception <a 'java/lang/NoClassDefFoundError'{0x00000000c4ecff18}: jakarta/validation/Validation> (0x00000000c4ecff18) 
thrown [s\src\hotspot\share\classfile\systemDictionary.cpp, line 244]
Event: 4.780 Thread 0x000002b2a745f120 Exception <a 'java/lang/IncompatibleClassChangeError'{0x00000000c4d05b80}: Found class java.lang.Object, but interface was expected> (0x00000000c4d05b80) 
thrown [s\src\hotspot\share\interpreter\linkResolver.cpp, line 826]

VM Operations (20 events):
Event: 2.674 Executing VM operation: HandshakeAllThreads
Event: 2.674 Executing VM operation: HandshakeAllThreads done
Event: 2.851 Executing VM operation: HandshakeAllThreads
Event: 2.851 Executing VM operation: HandshakeAllThreads done
Event: 3.074 Executing VM operation: HandshakeAllThreads
Event: 3.074 Executing VM operation: HandshakeAllThreads done
Event: 3.880 Executing VM operation: HandshakeAllThreads
Event: 3.880 Executing VM operation: HandshakeAllThreads done
Event: 3.880 Executing VM operation: Cleanup
Event: 3.881 Executing VM operation: Cleanup done
Event: 4.272 Executing VM operation: G1CollectForAllocation
Event: 4.282 Executing VM operation: G1CollectForAllocation done
Event: 4.466 Executing VM operation: HandshakeAllThreads
Event: 4.466 Executing VM operation: HandshakeAllThreads done
Event: 4.511 Executing VM operation: HandshakeAllThreads
Event: 4.511 Executing VM operation: HandshakeAllThreads done
Event: 4.736 Executing VM operation: HandshakeAllThreads
Event: 4.737 Executing VM operation: HandshakeAllThreads done
Event: 5.159 Executing VM operation: HandshakeAllThreads
Event: 5.159 Executing VM operation: HandshakeAllThreads done

Events (20 events):
Event: 0.475 Thread 0x000002b2c29cc0d0 Thread added: 0x000002b2c29cc0d0
Event: 0.583 Loaded shared library C:\Users\ERIN_JAVALead\.jdks\corretto-18.0.2\bin\zip.dll
Event: 0.591 Loaded shared library C:\Users\ERIN_JAVALead\.jdks\corretto-18.0.2\bin\instrument.dll
Event: 0.602 Loaded shared library C:\Users\ERIN_JAVALead\.jdks\corretto-18.0.2\bin\net.dll
Event: 0.607 Loaded shared library C:\Users\ERIN_JAVALead\.jdks\corretto-18.0.2\bin\nio.dll
Event: 0.622 Loaded shared library C:\Users\ERIN_JAVALead\.jdks\corretto-18.0.2\bin\zip.dll
Event: 0.679 Loaded shared library C:\Program Files\JetBrains\IntelliJ IDEA Community Edition 2021.3.3\bin\breakgen64.dll
Event: 0.680 Thread 0x000002b2c6d35e20 Thread added: 0x000002b2c6d35e20
Event: 0.680 Thread 0x000002b2c6d362e0 Thread added: 0x000002b2c6d362e0
Event: 1.190 Loaded shared library C:\Users\ERIN_JAVALead\.jdks\corretto-18.0.2\bin\jimage.dll
Event: 1.624 Thread 0x000002b2c6dd50c0 Thread added: 0x000002b2c6dd50c0
Event: 2.187 Thread 0x000002b2c6dd50c0 Thread exited: 0x000002b2c6dd50c0
Event: 3.130 Thread 0x000002b2c79c4020 Thread added: 0x000002b2c79c4020
Event: 3.297 Thread 0x000002b2c79c4020 Thread exited: 0x000002b2c79c4020
Event: 3.969 Thread 0x000002b2c7ce4760 Thread added: 0x000002b2c7ce4760
Event: 4.373 Thread 0x000002b2c7ce4760 Thread exited: 0x000002b2c7ce4760
Event: 4.489 Thread 0x000002b2c7f66fd0 Thread added: 0x000002b2c7f66fd0
Event: 4.762 Thread 0x000002b2c7b787b0 Thread added: 0x000002b2c7b787b0
Event: 4.846 Thread 0x000002b2c7f66fd0 Thread exited: 0x000002b2c7f66fd0
Event: 5.058 Loaded shared library C:\Users\ERIN_JAVALead\.jdks\corretto-18.0.2\bin\verify.dll


Dynamic libraries:
0x00007ff6d9bb0000 - 0x00007ff6d9bbd000 	C:\Users\ERIN_JAVALead\.jdks\corretto-18.0.2\bin\java.exe
0x00007ff9e6b70000 - 0x00007ff9e6d67000 	C:\WINDOWS\SYSTEM32\ntdll.dll
0x00007ff9e5280000 - 0x00007ff9e533d000 	C:\WINDOWS\System32\KERNEL32.DLL
0x00007ff9e4510000 - 0x00007ff9e4806000 	C:\WINDOWS\System32\KERNELBASE.dll
0x00007ff9e4220000 - 0x00007ff9e4320000 	C:\WINDOWS\System32\ucrtbase.dll
0x00007ff9e1450000 - 0x00007ff9e1467000 	C:\Users\ERIN_JAVALead\.jdks\corretto-18.0.2\bin\jli.dll
0x00007ff9e5ed0000 - 0x00007ff9e606e000 	C:\WINDOWS\System32\USER32.dll
0x00007ff9e4320000 - 0x00007ff9e4342000 	C:\WINDOWS\System32\win32u.dll
0x00007ff9e56a0000 - 0x00007ff9e56cc000 	C:\WINDOWS\System32\GDI32.dll
0x00007ff9e43f0000 - 0x00007ff9e450a000 	C:\WINDOWS\System32\gdi32full.dll
0x00007ff9e4350000 - 0x00007ff9e43ed000 	C:\WINDOWS\System32\msvcp_win.dll
0x00007ff9d17c0000 - 0x00007ff9d17d5000 	C:\Users\ERIN_JAVALead\.jdks\corretto-18.0.2\bin\VCRUNTIME140.dll
0x00007ff9e3690000 - 0x00007ff9e392a000 	C:\WINDOWS\WinSxS\amd64_microsoft.windows.common-controls_6595b64144ccf1df_6.0.19041.3570_none_60bb2a3971f3e41a\COMCTL32.dll
0x00007ff9e5050000 - 0x00007ff9e50ee000 	C:\WINDOWS\System32\msvcrt.dll
0x00007ff9e4d80000 - 0x00007ff9e4db0000 	C:\WINDOWS\System32\IMM32.DLL
0x00007ff9bdc40000 - 0x00007ff9bdcdb000 	C:\Users\ERIN_JAVALead\.jdks\corretto-18.0.2\bin\msvcp140.dll
0x00007ff9a0130000 - 0x00007ff9a0da1000 	C:\Users\ERIN_JAVALead\.jdks\corretto-18.0.2\bin\server\jvm.dll
0x00007ff9e4ba0000 - 0x00007ff9e4c4e000 	C:\WINDOWS\System32\ADVAPI32.dll
0x00007ff9e6280000 - 0x00007ff9e631c000 	C:\WINDOWS\System32\sechost.dll
0x00007ff9e5150000 - 0x00007ff9e5276000 	C:\WINDOWS\System32\RPCRT4.dll
0x00007ff9e6940000 - 0x00007ff9e6948000 	C:\WINDOWS\System32\PSAPI.DLL
0x00007ff9e1440000 - 0x00007ff9e1449000 	C:\WINDOWS\SYSTEM32\WSOCK32.dll
0x00007ff9c5d40000 - 0x00007ff9c5d67000 	C:\WINDOWS\SYSTEM32\WINMM.dll
0x00007ff9e4ef0000 - 0x00007ff9e4f5b000 	C:\WINDOWS\System32\WS2_32.dll
0x00007ff9de5d0000 - 0x00007ff9de5da000 	C:\WINDOWS\SYSTEM32\VERSION.dll
0x00007ff9e1a50000 - 0x00007ff9e1a62000 	C:\WINDOWS\SYSTEM32\kernel.appcore.dll
0x00007ff9d17b0000 - 0x00007ff9d17ba000 	C:\Users\ERIN_JAVALead\.jdks\corretto-18.0.2\bin\jimage.dll
0x00007ff9e3b30000 - 0x00007ff9e3d14000 	C:\WINDOWS\SYSTEM32\DBGHELP.DLL
0x00007ff9e3af0000 - 0x00007ff9e3b24000 	C:\WINDOWS\SYSTEM32\dbgcore.DLL
0x00007ff9e4b10000 - 0x00007ff9e4b92000 	C:\WINDOWS\System32\bcryptPrimitives.dll
0x00007ff9d0980000 - 0x00007ff9d098e000 	C:\Users\ERIN_JAVALead\.jdks\corretto-18.0.2\bin\instrument.dll
0x00007ff9d09b0000 - 0x00007ff9d09d5000 	C:\Users\ERIN_JAVALead\.jdks\corretto-18.0.2\bin\java.dll
0x00007ff9bdb60000 - 0x00007ff9bdc36000 	C:\Users\ERIN_JAVALead\.jdks\corretto-18.0.2\bin\jsvml.dll
0x00007ff9e56d0000 - 0x00007ff9e5e14000 	C:\WINDOWS\System32\SHELL32.dll
0x00007ff9e1c50000 - 0x00007ff9e23eb000 	C:\WINDOWS\SYSTEM32\windows.storage.dll
0x00007ff9e5340000 - 0x00007ff9e5694000 	C:\WINDOWS\System32\combase.dll
0x00007ff9e33c0000 - 0x00007ff9e33ed000 	C:\WINDOWS\SYSTEM32\Wldp.dll
0x00007ff9e61c0000 - 0x00007ff9e626d000 	C:\WINDOWS\System32\SHCORE.dll
0x00007ff9e50f0000 - 0x00007ff9e5145000 	C:\WINDOWS\System32\shlwapi.dll
0x00007ff9e4150000 - 0x00007ff9e4175000 	C:\WINDOWS\SYSTEM32\profapi.dll
0x00007ff9cfd90000 - 0x00007ff9cfda8000 	C:\Users\ERIN_JAVALead\.jdks\corretto-18.0.2\bin\zip.dll
0x00007ff9d1790000 - 0x00007ff9d17a3000 	C:\Users\ERIN_JAVALead\.jdks\corretto-18.0.2\bin\net.dll
0x00007ff9dd070000 - 0x00007ff9dd17a000 	C:\WINDOWS\SYSTEM32\WINHTTP.dll
0x00007ff9e3210000 - 0x00007ff9e327a000 	C:\WINDOWS\system32\mswsock.dll
0x00007ff9d0990000 - 0x00007ff9d09a5000 	C:\Users\ERIN_JAVALead\.jdks\corretto-18.0.2\bin\nio.dll
0x00007ff9cfd70000 - 0x00007ff9cfd8a000 	C:\Program Files\JetBrains\IntelliJ IDEA Community Edition 2021.3.3\bin\breakgen64.dll
0x00007ff9d0560000 - 0x00007ff9d0570000 	C:\Users\ERIN_JAVALead\.jdks\corretto-18.0.2\bin\verify.dll

dbghelp: loaded successfully - version: 4.0.5 - missing functions: none
symbol engine: initialized successfully - sym options: 0x614 - pdb path: .;C:\Users\ERIN_JAVALead\.jdks\corretto-18.0.2\bin;C:\WINDOWS\SYSTEM32;C:\WINDOWS\WinSxS\amd64_microsoft.windows.common-controls_6595b64144ccf1df_6.0.19041.3570_none_60bb2a3971f3e41a;C:\Users\ERIN_JAVALead\.jdks\corretto-18.0.2\bin\server;C:\Program Files\JetBrains\IntelliJ IDEA Community Edition 2021.3.3\bin

VM Arguments:
jvm_args: -ea -Didea.test.cyclic.buffer.size=1048576 -javaagent:C:\Program Files\JetBrains\IntelliJ IDEA Community Edition 2021.3.3\lib\idea_rt.jar=58804:C:\Program Files\JetBrains\IntelliJ IDEA Community Edition 2021.3.3\bin -Dfile.encoding=UTF-8 
java_command: com.intellij.rt.junit.JUnitStarter -ideVersion5 -junit5 com.devskiller.tasks.blog.service.PostServiceTest,shouldReturnCreatedPost
java_class_path (initial): C:\Users\ERIN_JAVALead\.m2\repository\org\junit\platform\junit-platform-launcher\1.9.1\junit-platform-launcher-1.9.1.jar;C:\Program Files\JetBrains\IntelliJ IDEA Community Edition 2021.3.3\lib\idea_rt.jar;C:\Program Files\JetBrains\IntelliJ IDEA Community Edition 2021.3.3\plugins\junit\lib\junit5-rt.jar;C:\Program Files\JetBrains\IntelliJ IDEA Community Edition 2021.3.3\plugins\junit\lib\junit-rt.jar;C:\Users\ERIN_JAVALead\Downloads\devskiller-code-U32X-W3E7-T2E6-S3F\target\test-classes;C:\Users\ERIN_JAVALead\Downloads\devskiller-code-U32X-W3E7-T2E6-S3F\target\classes;C:\Users\ERIN_JAVALead\.m2\repository\org\springframework\boot\spring-boot-starter-data-jpa\3.0.0\spring-boot-starter-data-jpa-3.0.0.jar;C:\Users\ERIN_JAVALead\.m2\repository\org\springframework\boot\spring-boot-starter-aop\3.0.0\spring-boot-starter-aop-3.0.0.jar;C:\Users\ERIN_JAVALead\.m2\repository\org\springframework\spring-aop\6.0.2\spring-aop-6.0.2.jar;C:\Users\ERIN_JAVALead\.m2\repository\org\aspectj\aspectjweaver\1.9.9.1\aspectjweaver-1.9.9.1.jar;C:\Users\ERIN_JAVALead\.m2\repository\org\springframework\boot\spring-boot-starter-jdbc\3.0.0\spring-boot-starter-jdbc-3.0.0.jar;C:\Users\ERIN_JAVALead\.m2\repository\com\zaxxer\HikariCP\5.0.1\HikariCP-5.0.1.jar;C:\Users\ERIN_JAVALead\.m2\repository\org\springframework\spring-jdbc\6.0.2\spring-jdbc-6.0.2.jar;C:\Users\ERIN_JAVALead\.m2\repository\org\hibernate\orm\hibernate-core\6.1.5.Final\hibernate-core-6.1.5.Final.jar;C:\Users\ERIN_JAVALead\.m2\repository\jakarta\persistence\jakarta.persistence-api\3.1.0\jakarta.persistence-api-3.1.0.jar;C:\Users\ERIN_JAVALead\.m2\repository\jakarta\transaction\jakarta.transaction-api\2.0.1\jakarta.transaction-api-2.0.1.jar;C:\Users\ERIN_JAVALead\.m2\repository\org\jboss\logging\jboss-logging\3.5.0.Final\jboss-logging-3.5.0.Final.jar;C:\Users\ERIN_JAVALead\.m2\repository\org\hibernate\common\hibernate-commons-annotations\6.0.2.Final\hibernate-commons-annotations-6.0.2.Final.jar;C:\Users\ERIN_JAVALead\.m2\repository\org\jboss\jandex\2.4.2.Final\jandex-2.4.2.Final.jar;C:\Users\ERIN_JAVALead\.m2\repository\com\fasterxml\classmate\1.5.1\classmate-1.5.1.jar;C:\Users\ERIN_JAVALead\.m2\repository\net\bytebuddy\byte-buddy\1.12.19\byte-buddy-1.12.19.jar;C:\Users\ERIN_JAVALead\.m2\repository\org\glassfish\jaxb\jaxb-runtime\4.0.1\jaxb-runtime-4.0.1.jar;C:\Users\ERIN_JAVALead\.m2\repository\org\glassfish\jaxb\jaxb-core\4.0.1\jaxb-core-4.0.1.jar;C:\Users\ERIN_JAVALead\.m2\repository\org\eclipse\angus\angus-activation\1.0.0\angus-activation-1.0.0.jar;C:\Users\ERIN_JAVALead\.m2\repository\org\glassfish\jaxb\txw2\4.0.1\txw2-4.0.1.jar;C:\Users\ERIN_JAVALead\.m2\repository\com\sun\istack\istack-commons-runtime\4.1.1\istack-commons-runtime-4.1.1.jar;C:\Users\ERIN_JAVALead\.m2\repository\jakarta\inject\jakarta.inject-api\2.0.0\jakarta.inject-api-2.0.0.jar;C:\Users\ERIN_JAVALead\.m2\repository\org\antlr\antlr4-runtime\4.10.1\antlr4-runtime-4.10.1.jar;C:\Users\ERIN_JAVALead\.m2\repository\org\springframework\data\spring-data-jpa\3.0.0\spring-data-jpa-3.0.0.jar;C:\Users\ERIN_JAVALead\.m2\repository\org\springframework\data\spring-data-commons\3.0.0\spring-data-commons-3.0.0.jar;C:\Users\ERIN_JAVALead\.m2\repository\org\springframework\spring-orm\6.0.2\spring-orm-6.0.2.jar;C:\Users\ERIN_JAVALead\.m2\repository\org\springframework\spring-context\6.0.2\spring-context-6.0.2.jar;C:\Users\ERIN_JAVALead\.m2\repository\org\springframework\spring-tx\6.0.2\spring-tx-6.0.2.jar;C:\Users\ERIN_JAVALead\.m2\repository\org\springframework\spring-beans\6.0.2\spring-beans-6.0.2.jar;C:\Users\ERIN_JAVALead\.m2\repository\jakarta\annotation\jakarta.annotation-api\2.1.1\jakarta.annotation-api-2.1.1.jar;C:\Users\ERIN_JAVALead\.m2\repository\org\slf4j\slf4j-api\2.0.4\slf4j-api-2.0.4.jar;C:\Users\ERIN_JAVALead\.m2\repository\org\springframework\spring-aspects\6.0.2\spring-aspects-6.0.2.jar;C:\Users\ERIN_JAVALead\.m2\repository\org\springframework\boot\spring-boot-starter-web\3.0.0\spring-boot-starter-web-3.0.0.jar;C:\Users\ERIN_JAVALead\.m2\repository\org\springframework\boot\spring-boot-starter\3.0.0\spring-boot-starter-3.0.0.jar;C:\Users\ERIN_JAVALead\.m2\repository\org\springframework\boot\spring-boot\3.0.0\spring-boot-3.0.0.jar;C:\Users\ERIN_JAVALead\.m2\repository\org\springframework\boot\spring-boot-autoconfigure\3.0.0\spring-boot-autoconfigure-3.0.0.jar;C:\Users\ERIN_JAVALead\.m2\repository\org\springframework\boot\spring-boot-starter-logging\3.0.0\spring-boot-starter-logging-3.0.0.jar;C:\Users\ERIN_JAVALead\.m2\repository\ch\qos\logback\logback-classic\1.4.5\logback-classic-1.4.5.jar;C:\Users\ERIN_JAVALead\.m2\repository\ch\qos\logback\logback-core\1.4.5\logback-core-1.4.5.jar;C:\Users\ERIN_JAVALead\.m2\repository\org\apache\logging\log4j\log4j-to-slf4j\2.19.0\log4j-to-slf4j-2.19.0.jar;C:\Users\ERIN_JAVALead\.m2\repository\org\apache\logging\log4j\log4j-api\2.19.0\log4j-api-2.19.0.jar;C:\Users\ERIN_JAVALead\.m2\repository\org\slf4j\jul-to-slf4j\2.0.4\jul-to-slf4j-2.0.4.jar;C:\Users\ERIN_JAVALead\.m2\repository\org\yaml\snakeyaml\1.33\snakeyaml-1.33.jar;C:\Users\ERIN_JAVALead\.m2\repository\org\springframework\boot\spring-boot-starter-json\3.0.0\spring-boot-starter-json-3.0.0.jar;C:\Users\ERIN_JAVALead\.m2\repository\com\fasterxml\jackson\core\jackson-databind\2.14.1\jackson-databind-2.14.1.jar;C:\Users\ERIN_JAVALead\.m2\repository\com\fasterxml\jackson\core\jackson-annotations\2.14.1\jackson-annotations-2.14.1.jar;C:\Users\ERIN_JAVALead\.m2\repository\com\fasterxml\jackson\core\jackson-core\2.14.1\jackson-core-2.14.1.jar;C:\Users\ERIN_JAVALead\.m2\repository\com\fasterxml\jackson\datatype\jackson-datatype-jdk8\2.14.1\jackson-datatype-jdk8-2.14.1.jar;C:\Users\ERIN_JAVALead\.m2\repository\com\fasterxml\jackson\datatype\jackson-datatype-jsr310\2.14.1\jackson-datatype-jsr310-2.14.1.jar;C:\Users\ERIN_JAVALead\.m2\repository\com\fasterxml\jackson\module\jackson-module-parameter-names\2.14.1\jackson-module-parameter-names-2.14.1.jar;C:\Users\ERIN_JAVALead\.m2\repository\org\springframework\boot\spring-boot-starter-tomcat\3.0.0\spring-boot-starter-tomcat-3.0.0.jar;C:\Users\ERIN_JAVALead\.m2\repository\org\apache\tomcat\embed\tomcat-embed-core\10.1.1\tomcat-embed-core-10.1.1.jar;C:\Users\ERIN_JAVALead\.m2\repository\org\apache\tomcat\embed\tomcat-embed-el\10.1.1\tomcat-embed-el-10.1.1.jar;C:\Users\ERIN_JAVALead\.m2\repository\org\apache\tomcat\embed\tomcat-embed-websocket\10.1.1\tomcat-embed-websocket-10.1.1.jar;C:\Users\ERIN_JAVALead\.m2\repository\org\springframework\spring-web\6.0.2\spring-web-6.0.2.jar;C:\Users\ERIN_JAVALead\.m2\repository\io\micrometer\micrometer-observation\1.10.2\micrometer-observation-1.10.2.jar;C:\Users\ERIN_JAVALead\.m2\repository\io\micrometer\micrometer-commons\1.10.2\micrometer-commons-1.10.2.jar;C:\Users\ERIN_JAVALead\.m2\repository\org\springframework\spring-webmvc\6.0.2\spring-webmvc-6.0.2.jar;C:\Users\ERIN_JAVALead\.m2\repository\org\springframework\spring-expression\6.0.2\spring-expression-6.0.2.jar;C:\Users\ERIN_JAVALead\.m2\repository\com\h2database\h2\2.1.214\h2-2.1.214.jar;C:\Users\ERIN_JAVALead\.m2\repository\org\springframework\boot\spring-boot-starter-test\3.0.0\spring-boot-starter-test-3.0.0.jar;C:\Users\ERIN_JAVALead\.m2\repository\org\springframework\boot\spring-boot-test\3.0.0\spring-boot-test-3.0.0.jar;C:\Users\ERIN_JAVALead\.m2\repository\org\springframework\boot\spring-boot-test-autoconfigure\3.0.0\spring-boot-test-autoconfigure-3.0.0.jar;C:\Users\ERIN_JAVALead\.m2\repository\com\jayway\jsonpath\json-path\2.7.0\json-path-2.7.0.jar;C:\Users\ERIN_JAVALead\.m2\repository\net\minidev\json-smart\2.4.8\json-smart-2.4.8.jar;C:\Users\ERIN_JAVALead\.m2\repository\net\minidev\accessors-smart\2.4.8\accessors-smart-2.4.8.jar;C:\Users\ERIN_JAVALead\.m2\repository\org\ow2\asm\asm\9.1\asm-9.1.jar;C:\Users\ERIN_JAVALead\.m2\repository\jakarta\xml\bind\jakarta.xml.bind-api\4.0.0\jakarta.xml.bind-api-4.0.0.jar;C:\Users\ERIN_JAVALead\.m2\repository\jakarta\activation\jakarta.activation-api\2.1.0\jakarta.activation-api-2.1.0.jar;C:\Users\ERIN_JAVALead\.m2\repository\org\assertj\assertj-core\3.23.1\assertj-core-3.23.1.jar;C:\Users\ERIN_JAVALead\.m2\repository\org\hamcrest\hamcrest\2.2\hamcrest-2.2.jar;C:\Users\ERIN_JAVALead\.m2\repository\org\junit\jupiter\junit-jupiter\5.9.1\junit-jupiter-5.9.1.jar;C:\Users\ERIN_JAVALead\.m2\repository\org\junit\jupiter\junit-jupiter-api\5.9.1\junit-jupiter-api-5.9.1.jar;C:\Users\ERIN_JAVALead\.m2\repository\org\opentest4j\opentest4j\1.2.0\opentest4j-1.2.0.jar;C:\Users\ERIN_JAVALead\.m2\repository\org\junit\platform\junit-platform-commons\1.9.1\junit-platform-commons-1.9.1.jar;C:\Users\ERIN_JAVALead\.m2\repository\org\apiguardian\apiguardian-api\1.1.2\apiguardian-api-1.1.2.jar;C:\Users\ERIN_JAVALead\.m2\repository\org\junit\jupiter\junit-jupiter-params\5.9.1\junit-jupiter-params-5.9.1.jar;C:\Users\ERIN_JAVALead\.m2\repository\org\junit\jupiter\junit-jupiter-engine\5.9.1\junit-jupiter-engine-5.9.1.jar;C:\Users\ERIN_JAVALead\.m2\repository\org\junit\platform\junit-platform-engine\1.9.1\junit-platform-engine-1.9.1.jar;C:\Users\ERIN_JAVALead\.m2\repository\org\mockito\mockito-core\4.8.1\mockito-core-4.8.1.jar;C:\Users\ERIN_JAVALead\.m2\repository\net\bytebuddy\byte-buddy-agent\1.12.19\byte-buddy-agent-1.12.19.jar;C:\Users\ERIN_JAVALead\.m2\repository\org\objenesis\objenesis\3.2\objenesis-3.2.jar;C:\Users\ERIN_JAVALead\.m2\repository\org\mockito\mockito-junit-jupiter\4.8.1\mockito-junit-jupiter-4.8.1.jar;C:\Users\ERIN_JAVALead\.m2\repository\org\skyscreamer\jsonassert\1.5.1\jsonassert-1.5.1.jar;C:\Users\ERIN_JAVALead\.m2\repository\com\vaadin\external\google\android-json\0.0.20131108.vaadin1\android-json-0.0.20131108.vaadin1.jar;C:\Users\ERIN_JAVALead\.m2\repository\org\springframework\spring-core\6.0.2\spring-core-6.0.2.jar;C:\Users\ERIN_JAVALead\.m2\repository\org\springframework\spring-jcl\6.0.2\spring-jcl-6.0.2.jar;C:\Users\ERIN_JAVALead\.m2\repository\org\springframework\spring-test\6.0.2\spring-test-6.0.2.jar;C:\Users\ERIN_JAVALead\.m2\repository\org\xmlunit\xmlunit-core\2.9.0\xmlunit-core-2.9.0.jar
Launcher Type: SUN_STANDARD

[Global flags]
     intx CICompilerCount                          = 3                                         {product} {ergonomic}
     uint ConcGCThreads                            = 1                                         {product} {ergonomic}
     uint G1ConcRefinementThreads                  = 4                                         {product} {ergonomic}
   size_t G1HeapRegionSize                         = 1048576                                   {product} {ergonomic}
    uintx GCDrainStackTargetSize                   = 64                                        {product} {ergonomic}
   size_t InitialHeapSize                          = 67108864                                  {product} {ergonomic}
   size_t MarkStackSize                            = 4194304                                   {product} {ergonomic}
   size_t MaxHeapSize                              = 1052770304                                {product} {ergonomic}
   size_t MaxNewSize                               = 631242752                                 {product} {ergonomic}
   size_t MinHeapDeltaBytes                        = 1048576                                   {product} {ergonomic}
   size_t MinHeapSize                              = 8388608                                   {product} {ergonomic}
    uintx NonNMethodCodeHeapSize                   = 5832780                                {pd product} {ergonomic}
    uintx NonProfiledCodeHeapSize                  = 122912730                              {pd product} {ergonomic}
    uintx ProfiledCodeHeapSize                     = 122912730                              {pd product} {ergonomic}
    uintx ReservedCodeCacheSize                    = 251658240                              {pd product} {ergonomic}
     bool SegmentedCodeCache                       = true                                      {product} {ergonomic}
   size_t SoftMaxHeapSize                          = 1052770304                             {manageable} {ergonomic}
     bool UseCompressedClassPointers               = true                           {product lp64_product} {ergonomic}
     bool UseCompressedOops                        = true                           {product lp64_product} {ergonomic}
     bool UseG1GC                                  = true                                      {product} {ergonomic}
     bool UseLargePagesIndividualAllocation        = false                                  {pd product} {ergonomic}

Logging:
Log output configuration:
 #0: stdout all=warning uptime,level,tags foldmultilines=false
 #1: stderr all=off uptime,level,tags foldmultilines=false

Environment Variables:
PATH=C:\WINDOWS\system32;C:\WINDOWS;C:\WINDOWS\System32\Wbem;C:\WINDOWS\System32\WindowsPowerShell\v1.0\;C:\WINDOWS\System32\OpenSSH\;C:\Program Files (x86)\nodejs\;C:\Program Files (x86)\nodejs\npm;C:\Users\ERIN_JAVALead\AppData\Roaming\npm;C:\Program Files\Git\cmd;C:\Program Files (x86)\dotnet\;C:\Program Files (x86)\Microsoft SQL Server\160\DTS\Binn\;C:\Program Files\Azure Data Studio\bin;C:\Program Files (x86)\Microsoft SQL Server\160\Tools\Binn\;C:\Program Files\Microsoft SQL Server\160\Tools\Binn\;C:\Program Files\Microsoft SQL Server\Client SDK\ODBC\170\Tools\Binn\;C:\Program Files\Microsoft SQL Server\160\DTS\Binn\;C:\Users\ERIN_JAVALead\AppData\Local\Microsoft\WindowsApps;;C:\Users\ERIN_JAVALead\AppData\Local\Programs\Microsoft VS Code\bin;C:\Users\ERIN_JAVALead\AppData\Roaming\npm;C:\Program Files\Azure Data Studio\bin
USERNAME=ERIN_JAVALead
OS=Windows_NT
PROCESSOR_IDENTIFIER=Intel64 Family 6 Model 78 Stepping 3, GenuineIntel



---------------  S Y S T E M  ---------------

OS:
 Windows 10 , 64 bit Build 19041 (10.0.19041.3570)
OS uptime: 0 days 10:20 hours

CPU: total 4 (initial active 4) (2 cores per cpu, 2 threads per core) family 6 model 78 stepping 3 microcode 0xcc, cx8, cmov, fxsr, ht, mmx, 3dnowpref, sse, sse2, sse3, ssse3, sse4.1, sse4.2, popcnt, lzcnt, tsc, tscinvbit, avx, avx2, aes, erms, clmul, bmi1, bmi2, adx, fma, vzeroupper, clflush, clflushopt

Memory: 4k page, system-wide physical 4012M (458M free)
TotalPageFile size 6060M (AvailPageFile size 7M)
current process WorkingSet (physical memory assigned to process): 103M, peak: 103M
current process commit charge ("private bytes"): 171M, peak: 171M

vm_info: OpenJDK 64-Bit Server VM (18.0.2+9-FR) for windows-amd64 JRE (18.0.2+9-FR), built on Jul 15 2022 20:03:03 by "Administrator" with MS VC++ 15.9 (VS2017)

END.
