#
# There is insufficient memory for the Java Runtime Environment to continue.
# Native memory allocation (malloc) failed to allocate 1237120 bytes for Chunk::new
# Possible reasons:
#   The system is out of physical RAM or swap space
#   The process is running with CompressedOops enabled, and the Java Heap may be blocking the growth of the native heap
# Possible solutions:
#   Reduce memory load on the system
#   Increase physical memory or swap space
#   Check if swap backing store is full
#   Decrease Java heap size (-Xmx/-Xms)
#   Decrease number of Java threads
#   Decrease Java thread stack sizes (-Xss)
#   Set larger code cache with -XX:ReservedCodeCacheSize=
#   JVM is running with Unscaled Compressed Oops mode in which the Java heap is
#     placed in the first 4GB address space. The Java Heap base address is the
#     maximum limit for the native heap growth. Please use -XX:HeapBaseMinAddress
#     to set the Java Heap base and to place the Java Heap above 4GB virtual address.
# This output file may be truncated or incomplete.
#
#  Out of Memory Error (arena.cpp:184), pid=1232, tid=10156
#
# JRE version: OpenJDK Runtime Environment Corretto-18.0.2.9.1 (18.0.2+9) (build 18.0.2+9-FR)
# Java VM: OpenJDK 64-Bit Server VM Corretto-18.0.2.9.1 (18.0.2+9-FR, mixed mode, sharing, tiered, compressed oops, compressed class ptrs, g1 gc, windows-amd64)
# No core dump will be written. Minidumps are not enabled by default on client versions of Windows
#

---------------  S U M M A R Y ------------

Command Line: -ea -Didea.test.cyclic.buffer.size=1048576 -javaagent:C:\Program Files\JetBrains\IntelliJ IDEA Community Edition 2021.3.3\lib\idea_rt.jar=57485:C:\Program Files\JetBrains\IntelliJ IDEA Community Edition 2021.3.3\bin -Dfile.encoding=UTF-8 com.intellij.rt.junit.JUnitStarter -ideVersion5 -junit5 com.devskiller.tasks.blog.service.CommentServiceTest,shouldReturnAddedComment

Host: Intel(R) Core(TM) i3-6006U CPU @ 2.00GHz, 4 cores, 3G,  Windows 10 , 64 bit Build 19041 (10.0.19041.3570)
Time: Tue Oct 17 18:26:42 2023 Central European Daylight Time elapsed time: 10.974376 seconds (0d 0h 0m 10s)

---------------  T H R E A D  ---------------

Current thread (0x000002271e9b12f0):  JavaThread "C2 CompilerThread0" daemon [_thread_in_native, id=10156, stack(0x000000e7ecf00000,0x000000e7ed000000)]


Current CompileTask:
C2:  10974 4144       4       jdk.internal.org.objectweb.asm.MethodWriter::computeAllFrames (510 bytes)

Stack: [0x000000e7ecf00000,0x000000e7ed000000]
Native frames: (J=compiled Java code, j=interpreted, Vv=VM code, C=native code)
V  [jvm.dll+0x685a2a]
V  [jvm.dll+0x82ae8d]
V  [jvm.dll+0x82c75e]
V  [jvm.dll+0x82ce03]
V  [jvm.dll+0x25ef4b]
V  [jvm.dll+0xd42d2]
V  [jvm.dll+0xd4665]
V  [jvm.dll+0x38578b]
V  [jvm.dll+0x34d82a]
V  [jvm.dll+0x34cc1a]
V  [jvm.dll+0x233a65]
V  [jvm.dll+0x232f37]
V  [jvm.dll+0x1c0a35]
V  [jvm.dll+0x24212c]
V  [jvm.dll+0x240534]
V  [jvm.dll+0x7df6db]
V  [jvm.dll+0x7d9cba]
V  [jvm.dll+0x6848a5]
C  [ucrtbase.dll+0x21bb2]
C  [KERNEL32.DLL+0x17344]
C  [ntdll.dll+0x526b1]


---------------  P R O C E S S  ---------------

Threads class SMR info:
_java_thread_list=0x00000227245d8230, length=16, elements={
0x00000227014fb300, 0x000002271e998fb0, 0x000002271e999c10, 0x000002271e9ae1a0,
0x000002271e9aeb40, 0x000002271e9af4e0, 0x000002271e9afe80, 0x000002271e9b12f0,
0x000002271e9b5bf0, 0x000002271e9ba670, 0x000002271e97d250, 0x0000022722d28fe0,
0x0000022722cfe3c0, 0x00000227245828b0, 0x0000022723389110, 0x00000227258d10a0
}

Java Threads: ( => current thread )
  0x00000227014fb300 JavaThread "main" [_thread_in_native, id=4828, stack(0x000000e7ec200000,0x000000e7ec300000)]
  0x000002271e998fb0 JavaThread "Reference Handler" daemon [_thread_blocked, id=9328, stack(0x000000e7ec900000,0x000000e7eca00000)]
  0x000002271e999c10 JavaThread "Finalizer" daemon [_thread_blocked, id=12352, stack(0x000000e7eca00000,0x000000e7ecb00000)]
  0x000002271e9ae1a0 JavaThread "Signal Dispatcher" daemon [_thread_blocked, id=11684, stack(0x000000e7ecb00000,0x000000e7ecc00000)]
  0x000002271e9aeb40 JavaThread "Attach Listener" daemon [_thread_blocked, id=6976, stack(0x000000e7ecc00000,0x000000e7ecd00000)]
  0x000002271e9af4e0 JavaThread "Service Thread" daemon [_thread_blocked, id=7292, stack(0x000000e7ecd00000,0x000000e7ece00000)]
  0x000002271e9afe80 JavaThread "Monitor Deflation Thread" daemon [_thread_blocked, id=10516, stack(0x000000e7ece00000,0x000000e7ecf00000)]
=>0x000002271e9b12f0 JavaThread "C2 CompilerThread0" daemon [_thread_in_native, id=10156, stack(0x000000e7ecf00000,0x000000e7ed000000)]
  0x000002271e9b5bf0 JavaThread "C1 CompilerThread0" daemon [_thread_blocked, id=1944, stack(0x000000e7ed000000,0x000000e7ed100000)]
  0x000002271e9ba670 JavaThread "Sweeper thread" daemon [_thread_blocked, id=2820, stack(0x000000e7ed100000,0x000000e7ed200000)]
  0x000002271e97d250 JavaThread "Common-Cleaner" daemon [_thread_blocked, id=6900, stack(0x000000e7ed200000,0x000000e7ed300000)]
  0x0000022722d28fe0 JavaThread "Monitor Ctrl-Break" daemon [_thread_in_native, id=12196, stack(0x000000e7ed300000,0x000000e7ed400000)]
  0x0000022722cfe3c0 JavaThread "Notification Thread" daemon [_thread_blocked, id=13700, stack(0x000000e7ed400000,0x000000e7ed500000)]
  0x00000227245828b0 JavaThread "HikariPool-1 housekeeper" daemon [_thread_blocked, id=3648, stack(0x000000e7ed600000,0x000000e7ed700000)]
  0x0000022723389110 JavaThread "HikariPool-1 connection adder" daemon [_thread_blocked, id=12696, stack(0x000000e7eda00000,0x000000e7edb00000)]
  0x00000227258d10a0 JavaThread "C2 CompilerThread1" daemon [_thread_in_native, id=14132, stack(0x000000e7edb00000,0x000000e7edc00000)]

Other Threads:
  0x000002271e994800 VMThread "VM Thread" [stack: 0x000000e7ec800000,0x000000e7ec900000] [id=3604]
  0x0000022722d294a0 WatcherThread "VM Periodic Task Thread" [stack: 0x000000e7ed500000,0x000000e7ed600000] [id=7372]
  0x000002270153bfb0 WorkerThread "GC Thread#0" [stack: 0x000000e7ec300000,0x000000e7ec400000] [id=2784]
  0x0000022723275d70 WorkerThread "GC Thread#1" [stack: 0x000000e7ed700000,0x000000e7ed800000] [id=7196]
  0x000002272341fe70 WorkerThread "GC Thread#2" [stack: 0x000000e7ed800000,0x000000e7ed900000] [id=9600]
  0x00000227234231d0 WorkerThread "GC Thread#3" [stack: 0x000000e7ed900000,0x000000e7eda00000] [id=12836]
  0x0000022701545c70 ConcurrentGCThread "G1 Main Marker" [stack: 0x000000e7ec400000,0x000000e7ec500000] [id=8408]
  0x0000022701546660 WorkerThread "G1 Conc#0" [stack: 0x000000e7ec500000,0x000000e7ec600000] [id=10356]
  0x000002270156dec0 ConcurrentGCThread "G1 Refine#0" [stack: 0x000000e7ec600000,0x000000e7ec700000] [id=5788]
  0x000002270156e7d0 ConcurrentGCThread "G1 Service" [stack: 0x000000e7ec700000,0x000000e7ec800000] [id=8624]

Threads with active compile tasks:
C2 CompilerThread0    11328 4144       4       jdk.internal.org.objectweb.asm.MethodWriter::computeAllFrames (510 bytes)
C2 CompilerThread1    11328 4156       4       org.springframework.core.annotation.AnnotationsScanner::getDeclaredAnnotations (166 bytes)

VM state: not at safepoint (normal execution)

VM Mutex/Monitor currently owned by a thread: None

Heap address: 0x00000000c1400000, size: 1004 MB, Compressed Oops mode: 32-bit

CDS archive(s) mapped at: [0x0000000800000000-0x0000000800ba0000-0x0000000800ba0000), size 12189696, SharedBaseAddress: 0x0000000800000000, ArchiveRelocationMode: 0.
Compressed class space mapped at: 0x0000000800c00000-0x0000000840c00000, reserved size: 1073741824
Narrow klass base: 0x0000000800000000, Narrow klass shift: 0, Narrow klass range: 0x100000000

GC Precious Log:
 CardTable entry size: 512
 Card Set container configuration: InlinePtr #cards 5 size 8 Array Of Cards #cards 12 size 40 Howl #buckets 4 coarsen threshold 1843 Howl Bitmap #cards 512 size 80 coarsen threshold 460 Card regions per heap region 1 cards per card region 2048
 CPUs: 4 total, 4 available
 Memory: 4012M
 Large Page Support: Disabled
 NUMA Support: Disabled
 Compressed Oops: Enabled (32-bit)
 Heap Region Size: 1M
 Heap Min Capacity: 8M
 Heap Initial Capacity: 64M
 Heap Max Capacity: 1004M
 Pre-touch: Disabled
 Parallel Workers: 4
 Concurrent Workers: 1
 Concurrent Refinement Workers: 4
 Periodic GC: Disabled

Heap:
 garbage-first heap   total 96256K, used 54175K [0x00000000c1400000, 0x0000000100000000)
  region size 1024K, 38 young (38912K), 1 survivors (1024K)
 Metaspace       used 51148K, committed 51648K, reserved 1114112K
  class space    used 6837K, committed 7104K, reserved 1048576K

Heap Regions: E=young(eden), S=young(survivor), O=old, HS=humongous(starts), HC=humongous(continues), CS=collection set, F=free, OA=open archive, CA=closed archive, TAMS=top-at-mark-start (previous, next)
|   0|0x00000000c1400000, 0x00000000c1500000, 0x00000000c1500000|100%|HS|  |TAMS 0x00000000c1500000, 0x00000000c1400000| Complete 
|   1|0x00000000c1500000, 0x00000000c1600000, 0x00000000c1600000|100%| O|  |TAMS 0x00000000c1600000, 0x00000000c1500000| Untracked 
|   2|0x00000000c1600000, 0x00000000c1700000, 0x00000000c1700000|100%| O|  |TAMS 0x00000000c1700000, 0x00000000c1600000| Untracked 
|   3|0x00000000c1700000, 0x00000000c1800000, 0x00000000c1800000|100%| O|  |TAMS 0x00000000c1800000, 0x00000000c1700000| Untracked 
|   4|0x00000000c1800000, 0x00000000c1900000, 0x00000000c1900000|100%| O|  |TAMS 0x00000000c1900000, 0x00000000c1800000| Untracked 
|   5|0x00000000c1900000, 0x00000000c1a00000, 0x00000000c1a00000|100%| O|  |TAMS 0x00000000c1a00000, 0x00000000c1900000| Untracked 
|   6|0x00000000c1a00000, 0x00000000c1b00000, 0x00000000c1b00000|100%| O|  |TAMS 0x00000000c1b00000, 0x00000000c1a00000| Untracked 
|   7|0x00000000c1b00000, 0x00000000c1c00000, 0x00000000c1c00000|100%| O|  |TAMS 0x00000000c1c00000, 0x00000000c1b00000| Untracked 
|   8|0x00000000c1c00000, 0x00000000c1d00000, 0x00000000c1d00000|100%| O|  |TAMS 0x00000000c1c00000, 0x00000000c1c00000| Untracked 
|   9|0x00000000c1d00000, 0x00000000c1e00000, 0x00000000c1e00000|100%| O|  |TAMS 0x00000000c1e00000, 0x00000000c1d00000| Untracked 
|  10|0x00000000c1e00000, 0x00000000c1f00000, 0x00000000c1f00000|100%| O|  |TAMS 0x00000000c1f00000, 0x00000000c1e00000| Untracked 
|  11|0x00000000c1f00000, 0x00000000c2000000, 0x00000000c2000000|100%| O|  |TAMS 0x00000000c2000000, 0x00000000c1f00000| Untracked 
|  12|0x00000000c2000000, 0x00000000c2100000, 0x00000000c2100000|100%| O|  |TAMS 0x00000000c2100000, 0x00000000c2000000| Untracked 
|  13|0x00000000c2100000, 0x00000000c2200000, 0x00000000c2200000|100%| O|  |TAMS 0x00000000c2200000, 0x00000000c2100000| Untracked 
|  14|0x00000000c2200000, 0x00000000c2300000, 0x00000000c2300000|100%| O|  |TAMS 0x00000000c2300000, 0x00000000c2200000| Untracked 
|  15|0x00000000c2300000, 0x00000000c2400000, 0x00000000c2400000|100%| O|  |TAMS 0x00000000c2300000, 0x00000000c2300000| Untracked 
|  16|0x00000000c2400000, 0x00000000c2500000, 0x00000000c2500000|100%| O|  |TAMS 0x00000000c2400000, 0x00000000c2400000| Untracked 
|  17|0x00000000c2500000, 0x00000000c2596c00, 0x00000000c2600000| 58%| O|  |TAMS 0x00000000c2500000, 0x00000000c2500000| Untracked 
|  18|0x00000000c2600000, 0x00000000c2600000, 0x00000000c2700000|  0%| F|  |TAMS 0x00000000c2600000, 0x00000000c2600000| Untracked 
|  19|0x00000000c2700000, 0x00000000c2700000, 0x00000000c2800000|  0%| F|  |TAMS 0x00000000c2700000, 0x00000000c2700000| Untracked 
|  20|0x00000000c2800000, 0x00000000c2800000, 0x00000000c2900000|  0%| F|  |TAMS 0x00000000c2800000, 0x00000000c2800000| Untracked 
|  21|0x00000000c2900000, 0x00000000c2900000, 0x00000000c2a00000|  0%| F|  |TAMS 0x00000000c2900000, 0x00000000c2900000| Untracked 
|  22|0x00000000c2a00000, 0x00000000c2a00000, 0x00000000c2b00000|  0%| F|  |TAMS 0x00000000c2a00000, 0x00000000c2a00000| Untracked 
|  23|0x00000000c2b00000, 0x00000000c2b00000, 0x00000000c2c00000|  0%| F|  |TAMS 0x00000000c2b00000, 0x00000000c2b00000| Untracked 
|  24|0x00000000c2c00000, 0x00000000c2c00000, 0x00000000c2d00000|  0%| F|  |TAMS 0x00000000c2c00000, 0x00000000c2c00000| Untracked 
|  25|0x00000000c2d00000, 0x00000000c2d00000, 0x00000000c2e00000|  0%| F|  |TAMS 0x00000000c2d00000, 0x00000000c2d00000| Untracked 
|  26|0x00000000c2e00000, 0x00000000c2e00000, 0x00000000c2f00000|  0%| F|  |TAMS 0x00000000c2e00000, 0x00000000c2e00000| Untracked 
|  27|0x00000000c2f00000, 0x00000000c2f00000, 0x00000000c3000000|  0%| F|  |TAMS 0x00000000c2f00000, 0x00000000c2f00000| Untracked 
|  28|0x00000000c3000000, 0x00000000c3000000, 0x00000000c3100000|  0%| F|  |TAMS 0x00000000c3000000, 0x00000000c3000000| Untracked 
|  29|0x00000000c3100000, 0x00000000c3100000, 0x00000000c3200000|  0%| F|  |TAMS 0x00000000c3100000, 0x00000000c3100000| Untracked 
|  30|0x00000000c3200000, 0x00000000c3200000, 0x00000000c3300000|  0%| F|  |TAMS 0x00000000c3200000, 0x00000000c3200000| Untracked 
|  31|0x00000000c3300000, 0x00000000c3300000, 0x00000000c3400000|  0%| F|  |TAMS 0x00000000c3300000, 0x00000000c3300000| Untracked 
|  32|0x00000000c3400000, 0x00000000c3400000, 0x00000000c3500000|  0%| F|  |TAMS 0x00000000c3400000, 0x00000000c3400000| Untracked 
|  33|0x00000000c3500000, 0x00000000c3500000, 0x00000000c3600000|  0%| F|  |TAMS 0x00000000c3500000, 0x00000000c3500000| Untracked 
|  34|0x00000000c3600000, 0x00000000c3600000, 0x00000000c3700000|  0%| F|  |TAMS 0x00000000c3600000, 0x00000000c3600000| Untracked 
|  35|0x00000000c3700000, 0x00000000c3700000, 0x00000000c3800000|  0%| F|  |TAMS 0x00000000c3700000, 0x00000000c3700000| Untracked 
|  36|0x00000000c3800000, 0x00000000c3800000, 0x00000000c3900000|  0%| F|  |TAMS 0x00000000c3800000, 0x00000000c3800000| Untracked 
|  37|0x00000000c3900000, 0x00000000c3900000, 0x00000000c3a00000|  0%| F|  |TAMS 0x00000000c3900000, 0x00000000c3900000| Untracked 
|  38|0x00000000c3a00000, 0x00000000c3a00000, 0x00000000c3b00000|  0%| F|  |TAMS 0x00000000c3a00000, 0x00000000c3a00000| Untracked 
|  39|0x00000000c3b00000, 0x00000000c3b00000, 0x00000000c3c00000|  0%| F|  |TAMS 0x00000000c3b00000, 0x00000000c3b00000| Untracked 
|  40|0x00000000c3c00000, 0x00000000c3c00000, 0x00000000c3d00000|  0%| F|  |TAMS 0x00000000c3c00000, 0x00000000c3c00000| Untracked 
|  41|0x00000000c3d00000, 0x00000000c3d00000, 0x00000000c3e00000|  0%| F|  |TAMS 0x00000000c3d00000, 0x00000000c3d00000| Untracked 
|  42|0x00000000c3e00000, 0x00000000c3e00000, 0x00000000c3f00000|  0%| F|  |TAMS 0x00000000c3e00000, 0x00000000c3e00000| Untracked 
|  43|0x00000000c3f00000, 0x00000000c3f00000, 0x00000000c4000000|  0%| F|  |TAMS 0x00000000c3f00000, 0x00000000c3f00000| Untracked 
|  44|0x00000000c4000000, 0x00000000c4000000, 0x00000000c4100000|  0%| F|  |TAMS 0x00000000c4000000, 0x00000000c4000000| Untracked 
|  45|0x00000000c4100000, 0x00000000c4151020, 0x00000000c4200000| 31%| S|CS|TAMS 0x00000000c4100000, 0x00000000c4100000| Complete 
|  46|0x00000000c4200000, 0x00000000c4200000, 0x00000000c4300000|  0%| F|  |TAMS 0x00000000c4200000, 0x00000000c4200000| Untracked 
|  47|0x00000000c4300000, 0x00000000c4300000, 0x00000000c4400000|  0%| F|  |TAMS 0x00000000c4300000, 0x00000000c4300000| Untracked 
|  48|0x00000000c4400000, 0x00000000c4400000, 0x00000000c4500000|  0%| F|  |TAMS 0x00000000c4400000, 0x00000000c4400000| Untracked 
|  49|0x00000000c4500000, 0x00000000c4500000, 0x00000000c4600000|  0%| F|  |TAMS 0x00000000c4500000, 0x00000000c4500000| Untracked 
|  50|0x00000000c4600000, 0x00000000c4600000, 0x00000000c4700000|  0%| F|  |TAMS 0x00000000c4600000, 0x00000000c4600000| Untracked 
|  51|0x00000000c4700000, 0x00000000c4700000, 0x00000000c4800000|  0%| F|  |TAMS 0x00000000c4700000, 0x00000000c4700000| Untracked 
|  52|0x00000000c4800000, 0x00000000c4800000, 0x00000000c4900000|  0%| F|  |TAMS 0x00000000c4800000, 0x00000000c4800000| Untracked 
|  53|0x00000000c4900000, 0x00000000c4900000, 0x00000000c4a00000|  0%| F|  |TAMS 0x00000000c4900000, 0x00000000c4900000| Untracked 
|  54|0x00000000c4a00000, 0x00000000c4a00000, 0x00000000c4b00000|  0%| F|  |TAMS 0x00000000c4a00000, 0x00000000c4a00000| Untracked 
|  55|0x00000000c4b00000, 0x00000000c4b00000, 0x00000000c4c00000|  0%| F|  |TAMS 0x00000000c4b00000, 0x00000000c4b00000| Untracked 
|  56|0x00000000c4c00000, 0x00000000c4c00000, 0x00000000c4d00000|  0%| F|  |TAMS 0x00000000c4c00000, 0x00000000c4c00000| Untracked 
|  57|0x00000000c4d00000, 0x00000000c4ddb738, 0x00000000c4e00000| 85%| E|  |TAMS 0x00000000c4d00000, 0x00000000c4d00000| Complete 
|  58|0x00000000c4e00000, 0x00000000c4f00000, 0x00000000c4f00000|100%| E|CS|TAMS 0x00000000c4e00000, 0x00000000c4e00000| Complete 
|  59|0x00000000c4f00000, 0x00000000c5000000, 0x00000000c5000000|100%| E|  |TAMS 0x00000000c4f00000, 0x00000000c4f00000| Complete 
|  60|0x00000000c5000000, 0x00000000c5100000, 0x00000000c5100000|100%| E|CS|TAMS 0x00000000c5000000, 0x00000000c5000000| Complete 
|  61|0x00000000c5100000, 0x00000000c5200000, 0x00000000c5200000|100%| E|CS|TAMS 0x00000000c5100000, 0x00000000c5100000| Complete 
|  62|0x00000000c5200000, 0x00000000c5300000, 0x00000000c5300000|100%| E|CS|TAMS 0x00000000c5200000, 0x00000000c5200000| Complete 
|  63|0x00000000c5300000, 0x00000000c5400000, 0x00000000c5400000|100%| E|CS|TAMS 0x00000000c5300000, 0x00000000c5300000| Complete 
|  64|0x00000000c5400000, 0x00000000c5500000, 0x00000000c5500000|100%| E|CS|TAMS 0x00000000c5400000, 0x00000000c5400000| Complete 
|  65|0x00000000c5500000, 0x00000000c5600000, 0x00000000c5600000|100%| E|CS|TAMS 0x00000000c5500000, 0x00000000c5500000| Complete 
|  66|0x00000000c5600000, 0x00000000c5700000, 0x00000000c5700000|100%| E|CS|TAMS 0x00000000c5600000, 0x00000000c5600000| Complete 
|  67|0x00000000c5700000, 0x00000000c5800000, 0x00000000c5800000|100%| E|CS|TAMS 0x00000000c5700000, 0x00000000c5700000| Complete 
|  68|0x00000000c5800000, 0x00000000c5900000, 0x00000000c5900000|100%| E|CS|TAMS 0x00000000c5800000, 0x00000000c5800000| Complete 
|  69|0x00000000c5900000, 0x00000000c5a00000, 0x00000000c5a00000|100%| E|CS|TAMS 0x00000000c5900000, 0x00000000c5900000| Complete 
|  70|0x00000000c5a00000, 0x00000000c5b00000, 0x00000000c5b00000|100%| E|CS|TAMS 0x00000000c5a00000, 0x00000000c5a00000| Complete 
|  71|0x00000000c5b00000, 0x00000000c5c00000, 0x00000000c5c00000|100%| E|CS|TAMS 0x00000000c5b00000, 0x00000000c5b00000| Complete 
|  72|0x00000000c5c00000, 0x00000000c5d00000, 0x00000000c5d00000|100%| E|CS|TAMS 0x00000000c5c00000, 0x00000000c5c00000| Complete 
|  73|0x00000000c5d00000, 0x00000000c5e00000, 0x00000000c5e00000|100%| E|CS|TAMS 0x00000000c5d00000, 0x00000000c5d00000| Complete 
|  74|0x00000000c5e00000, 0x00000000c5f00000, 0x00000000c5f00000|100%| E|CS|TAMS 0x00000000c5e00000, 0x00000000c5e00000| Complete 
|  75|0x00000000c5f00000, 0x00000000c6000000, 0x00000000c6000000|100%| E|CS|TAMS 0x00000000c5f00000, 0x00000000c5f00000| Complete 
|  76|0x00000000c6000000, 0x00000000c6100000, 0x00000000c6100000|100%| E|CS|TAMS 0x00000000c6000000, 0x00000000c6000000| Complete 
|  77|0x00000000c6100000, 0x00000000c6200000, 0x00000000c6200000|100%| E|CS|TAMS 0x00000000c6100000, 0x00000000c6100000| Complete 
|  78|0x00000000c6200000, 0x00000000c6300000, 0x00000000c6300000|100%| E|CS|TAMS 0x00000000c6200000, 0x00000000c6200000| Complete 
|  79|0x00000000c6300000, 0x00000000c6400000, 0x00000000c6400000|100%| E|CS|TAMS 0x00000000c6300000, 0x00000000c6300000| Complete 
|  80|0x00000000c6400000, 0x00000000c6500000, 0x00000000c6500000|100%| E|CS|TAMS 0x00000000c6400000, 0x00000000c6400000| Complete 
|  81|0x00000000c6500000, 0x00000000c6600000, 0x00000000c6600000|100%| E|CS|TAMS 0x00000000c6500000, 0x00000000c6500000| Complete 
|  82|0x00000000c6600000, 0x00000000c6700000, 0x00000000c6700000|100%| E|CS|TAMS 0x00000000c6600000, 0x00000000c6600000| Complete 
|  83|0x00000000c6700000, 0x00000000c6800000, 0x00000000c6800000|100%| E|CS|TAMS 0x00000000c6700000, 0x00000000c6700000| Complete 
|  84|0x00000000c6800000, 0x00000000c6900000, 0x00000000c6900000|100%| E|CS|TAMS 0x00000000c6800000, 0x00000000c6800000| Complete 
|  85|0x00000000c6900000, 0x00000000c6a00000, 0x00000000c6a00000|100%| E|CS|TAMS 0x00000000c6900000, 0x00000000c6900000| Complete 
|  86|0x00000000c6a00000, 0x00000000c6b00000, 0x00000000c6b00000|100%| E|CS|TAMS 0x00000000c6a00000, 0x00000000c6a00000| Complete 
|  87|0x00000000c6b00000, 0x00000000c6c00000, 0x00000000c6c00000|100%| E|CS|TAMS 0x00000000c6b00000, 0x00000000c6b00000| Complete 
|  88|0x00000000c6c00000, 0x00000000c6d00000, 0x00000000c6d00000|100%| E|CS|TAMS 0x00000000c6c00000, 0x00000000c6c00000| Complete 
|  89|0x00000000c6d00000, 0x00000000c6e00000, 0x00000000c6e00000|100%| E|CS|TAMS 0x00000000c6d00000, 0x00000000c6d00000| Complete 
|  90|0x00000000c6e00000, 0x00000000c6f00000, 0x00000000c6f00000|100%| E|CS|TAMS 0x00000000c6e00000, 0x00000000c6e00000| Complete 
|  91|0x00000000c6f00000, 0x00000000c7000000, 0x00000000c7000000|100%| E|CS|TAMS 0x00000000c6f00000, 0x00000000c6f00000| Complete 
|  92|0x00000000c7000000, 0x00000000c7100000, 0x00000000c7100000|100%| E|CS|TAMS 0x00000000c7000000, 0x00000000c7000000| Complete 
|  93|0x00000000c7100000, 0x00000000c7200000, 0x00000000c7200000|100%| E|CS|TAMS 0x00000000c7100000, 0x00000000c7100000| Complete 

Card table byte_map: [0x000002271a0f0000,0x000002271a2f0000] _byte_map_base: 0x0000022719ae6000

Marking Bits (Prev, Next): (CMBitMap*) 0x000002270153d5c0, (CMBitMap*) 0x000002270153d600
 Prev Bits: [0x000002271a4f0000, 0x000002271b4a0000)
 Next Bits: [0x000002271b4a0000, 0x000002271c450000)

Polling page: 0x0000022701380000

Metaspace:

Usage:
  Non-class:     43.29 MB used.
      Class:      6.68 MB used.
       Both:     49.97 MB used.

Virtual space:
  Non-class space:       64.00 MB reserved,      43.50 MB ( 68%) committed,  1 nodes.
      Class space:        1.00 GB reserved,       6.94 MB ( <1%) committed,  1 nodes.
             Both:        1.06 GB reserved,      50.44 MB (  5%) committed. 

Chunk freelists:
   Non-Class:  192.00 KB
       Class:  1.11 MB
        Both:  1.30 MB

MaxMetaspaceSize: unlimited
CompressedClassSpaceSize: 1.00 GB
Initial GC threshold: 21.00 MB
Current GC threshold: 59.81 MB
CDS: on
MetaspaceReclaimPolicy: balanced
 - commit_granule_bytes: 65536.
 - commit_granule_words: 8192.
 - virtual_space_node_default_size: 8388608.
 - enlarge_chunks_in_place: 1.
 - new_chunks_are_fully_committed: 0.
 - uncommit_free_chunks: 1.
 - use_allocation_guard: 0.


Internal statistics:

num_allocs_failed_limit: 9.
num_arena_births: 656.
num_arena_deaths: 0.
num_vsnodes_births: 2.
num_vsnodes_deaths: 0.
num_space_committed: 807.
num_space_uncommitted: 0.
num_chunks_returned_to_freelist: 9.
num_chunks_taken_from_freelist: 2504.
num_chunk_merges: 6.
num_chunk_splits: 1825.
num_chunks_enlarged: 1478.
num_inconsistent_stats: 0.

CodeHeap 'non-profiled nmethods': size=120000Kb used=2124Kb max_used=2124Kb free=117875Kb
 bounds [0x00000227123a0000, 0x0000022712610000, 0x00000227198d0000]
CodeHeap 'profiled nmethods': size=120000Kb used=8931Kb max_used=8931Kb free=111068Kb
 bounds [0x000002270ae70000, 0x000002270b730000, 0x00000227123a0000]
CodeHeap 'non-nmethods': size=5760Kb used=1322Kb max_used=1364Kb free=4437Kb
 bounds [0x000002270a8d0000, 0x000002270ab40000, 0x000002270ae70000]
 total_blobs=4793 nmethods=4151 adapters=554
 compilation: enabled
              stopped_count=0, restarted_count=0
 full_count=0

Compilation events (20 events):
Event: 10.815 Thread 0x000002271e9b5bf0 nmethod 4142 0x000002270b70d510 code [0x000002270b70d780, 0x000002270b70e3f8]
Event: 10.816 Thread 0x00000227258d10a0 4143       4       jdk.internal.org.objectweb.asm.Frame::merge (395 bytes)
Event: 10.817 Thread 0x000002271e9b12f0 4144       4       jdk.internal.org.objectweb.asm.MethodWriter::computeAllFrames (510 bytes)
Event: 10.883 Thread 0x00000227258d10a0 nmethod 4143 0x00000227125acd90 code [0x00000227125acfe0, 0x00000227125ae410]
Event: 10.883 Thread 0x00000227258d10a0 4146       4       jdk.internal.org.objectweb.asm.Attribute::computeAttributesSize (62 bytes)
Event: 10.885 Thread 0x00000227258d10a0 nmethod 4146 0x00000227125af190 code [0x00000227125af300, 0x00000227125af3d8]
Event: 10.885 Thread 0x00000227258d10a0 4145       4       jdk.internal.org.objectweb.asm.MethodWriter::visitTypeInsn (116 bytes)
Event: 10.892 Thread 0x00000227258d10a0 nmethod 4145 0x00000227125af490 code [0x00000227125af640, 0x00000227125af9a8]
Event: 10.902 Thread 0x00000227258d10a0 4147       4       java.lang.Class::getMethodsRecursive (99 bytes)
Event: 10.918 Thread 0x000002271e9b5bf0 4149       3       org.springframework.orm.jpa.support.PersistenceAnnotationBeanPostProcessor::lambda$buildPersistenceMetadata$0 (58 bytes)
Event: 10.920 Thread 0x000002271e9b5bf0 nmethod 4149 0x000002270b70e710 code [0x000002270b70ea20, 0x000002270b70fd48]
Event: 10.940 Thread 0x000002271e9b5bf0 4150       3       sun.reflect.generics.parser.SignatureParser::parseTypeArguments (109 bytes)
Event: 10.942 Thread 0x000002271e9b5bf0 nmethod 4150 0x000002270b710210 code [0x000002270b7104c0, 0x000002270b711448]
Event: 10.948 Thread 0x000002271e9b5bf0 4151       3       org.springframework.core.SerializableTypeWrapper$MethodParameterTypeProvider::<init> (59 bytes)
Event: 10.949 Thread 0x000002271e9b5bf0 nmethod 4151 0x000002270b711910 code [0x000002270b711b40, 0x000002270b7128d8]
Event: 10.949 Thread 0x000002271e9b5bf0 4152       3       org.springframework.core.ResolvableType::getNested (121 bytes)
Event: 10.951 Thread 0x000002271e9b5bf0 nmethod 4152 0x000002270b712b10 code [0x000002270b712dc0, 0x000002270b713f68]
Event: 10.953 Thread 0x000002271e9b5bf0 4153       3       sun.reflect.generics.repository.AbstractRepository::<init> (19 bytes)
Event: 10.953 Thread 0x000002271e9b5bf0 nmethod 4153 0x000002270b714510 code [0x000002270b7146c0, 0x000002270b7149c8]
Event: 10.969 Thread 0x000002271e9b5bf0 4154       3       org.springframework.context.annotation.CommonAnnotationBeanPostProcessor::lambda$buildResourceMetadata$0 (127 bytes)

GC Heap History (20 events):
Event: 3.485 GC heap before
{Heap before GC invocations=2 (full 0):
 garbage-first heap   total 65536K, used 26862K [0x00000000c1400000, 0x0000000100000000)
  region size 1024K, 22 young (22528K), 2 survivors (2048K)
 Metaspace       used 11600K, committed 11776K, reserved 1114112K
  class space    used 1475K, committed 1536K, reserved 1048576K
}
Event: 3.495 GC heap after
{Heap after GC invocations=3 (full 0):
 garbage-first heap   total 65536K, used 8965K [0x00000000c1400000, 0x0000000100000000)
  region size 1024K, 2 young (2048K), 2 survivors (2048K)
 Metaspace       used 11600K, committed 11776K, reserved 1114112K
  class space    used 1475K, committed 1536K, reserved 1048576K
}
Event: 4.348 GC heap before
{Heap before GC invocations=3 (full 0):
 garbage-first heap   total 65536K, used 39685K [0x00000000c1400000, 0x0000000100000000)
  region size 1024K, 33 young (33792K), 2 survivors (2048K)
 Metaspace       used 19123K, committed 19392K, reserved 1114112K
  class space    used 2406K, committed 2496K, reserved 1048576K
}
Event: 4.357 GC heap after
{Heap after GC invocations=4 (full 0):
 garbage-first heap   total 65536K, used 11323K [0x00000000c1400000, 0x0000000100000000)
  region size 1024K, 4 young (4096K), 4 survivors (4096K)
 Metaspace       used 19123K, committed 19392K, reserved 1114112K
  class space    used 2406K, committed 2496K, reserved 1048576K
}
Event: 5.213 GC heap before
{Heap before GC invocations=4 (full 0):
 garbage-first heap   total 65536K, used 28731K [0x00000000c1400000, 0x0000000100000000)
  region size 1024K, 22 young (22528K), 4 survivors (4096K)
 Metaspace       used 21248K, committed 21504K, reserved 1114112K
  class space    used 2647K, committed 2816K, reserved 1048576K
}
Event: 5.225 GC heap after
{Heap after GC invocations=5 (full 0):
 garbage-first heap   total 65536K, used 12753K [0x00000000c1400000, 0x0000000100000000)
  region size 1024K, 4 young (4096K), 4 survivors (4096K)
 Metaspace       used 21248K, committed 21504K, reserved 1114112K
  class space    used 2647K, committed 2816K, reserved 1048576K
}
Event: 6.465 GC heap before
{Heap before GC invocations=6 (full 0):
 garbage-first heap   total 48128K, used 37329K [0x00000000c1400000, 0x0000000100000000)
  region size 1024K, 28 young (28672K), 4 survivors (4096K)
 Metaspace       used 25684K, committed 26112K, reserved 1114112K
  class space    used 3297K, committed 3520K, reserved 1048576K
}
Event: 6.482 GC heap after
{Heap after GC invocations=7 (full 0):
 garbage-first heap   total 48128K, used 15082K [0x00000000c1400000, 0x0000000100000000)
  region size 1024K, 4 young (4096K), 4 survivors (4096K)
 Metaspace       used 25684K, committed 26112K, reserved 1114112K
  class space    used 3297K, committed 3520K, reserved 1048576K
}
Event: 6.517 GC heap before
{Heap before GC invocations=7 (full 0):
 garbage-first heap   total 48128K, used 16106K [0x00000000c1400000, 0x0000000100000000)
  region size 1024K, 5 young (5120K), 4 survivors (4096K)
 Metaspace       used 25830K, committed 26240K, reserved 1114112K
  class space    used 3311K, committed 3520K, reserved 1048576K
}
Event: 6.533 GC heap after
{Heap after GC invocations=8 (full 0):
 garbage-first heap   total 48128K, used 15612K [0x00000000c1400000, 0x0000000100000000)
  region size 1024K, 1 young (1024K), 1 survivors (1024K)
 Metaspace       used 25830K, committed 26240K, reserved 1114112K
  class space    used 3311K, committed 3520K, reserved 1048576K
}
Event: 7.120 GC heap before
{Heap before GC invocations=8 (full 0):
 garbage-first heap   total 48128K, used 33020K [0x00000000c1400000, 0x0000000100000000)
  region size 1024K, 19 young (19456K), 1 survivors (1024K)
 Metaspace       used 30752K, committed 31168K, reserved 1114112K
  class space    used 3874K, committed 4032K, reserved 1048576K
}
Event: 7.124 GC heap after
{Heap after GC invocations=9 (full 0):
 garbage-first heap   total 48128K, used 16294K [0x00000000c1400000, 0x0000000100000000)
  region size 1024K, 2 young (2048K), 2 survivors (2048K)
 Metaspace       used 30752K, committed 31168K, reserved 1114112K
  class space    used 3874K, committed 4032K, reserved 1048576K
}
Event: 7.898 GC heap before
{Heap before GC invocations=9 (full 0):
 garbage-first heap   total 48128K, used 33702K [0x00000000c1400000, 0x0000000100000000)
  region size 1024K, 20 young (20480K), 2 survivors (2048K)
 Metaspace       used 35508K, committed 35904K, reserved 1114112K
  class space    used 4573K, committed 4736K, reserved 1048576K
}
Event: 7.904 GC heap after
{Heap after GC invocations=10 (full 0):
 garbage-first heap   total 48128K, used 17090K [0x00000000c1400000, 0x0000000100000000)
  region size 1024K, 3 young (3072K), 3 survivors (3072K)
 Metaspace       used 35508K, committed 35904K, reserved 1114112K
  class space    used 4573K, committed 4736K, reserved 1048576K
}
Event: 7.958 GC heap before
{Heap before GC invocations=10 (full 0):
 garbage-first heap   total 48128K, used 18114K [0x00000000c1400000, 0x0000000100000000)
  region size 1024K, 5 young (5120K), 3 survivors (3072K)
 Metaspace       used 35779K, committed 36160K, reserved 1114112K
  class space    used 4620K, committed 4800K, reserved 1048576K
}
Event: 7.965 GC heap after
{Heap after GC invocations=11 (full 0):
 garbage-first heap   total 48128K, used 17300K [0x00000000c1400000, 0x0000000100000000)
  region size 1024K, 1 young (1024K), 1 survivors (1024K)
 Metaspace       used 35779K, committed 36160K, reserved 1114112K
  class space    used 4620K, committed 4800K, reserved 1048576K
}
Event: 8.689 GC heap before
{Heap before GC invocations=12 (full 0):
 garbage-first heap   total 48128K, used 36756K [0x00000000c1400000, 0x0000000100000000)
  region size 1024K, 20 young (20480K), 1 survivors (1024K)
 Metaspace       used 41080K, committed 41600K, reserved 1114112K
  class space    used 5331K, committed 5568K, reserved 1048576K
}
Event: 8.697 GC heap after
{Heap after GC invocations=13 (full 0):
 garbage-first heap   total 48128K, used 18297K [0x00000000c1400000, 0x0000000100000000)
  region size 1024K, 2 young (2048K), 2 survivors (2048K)
 Metaspace       used 41080K, committed 41600K, reserved 1114112K
  class space    used 5331K, committed 5568K, reserved 1048576K
}
Event: 8.735 GC heap before
{Heap before GC invocations=13 (full 0):
 garbage-first heap   total 48128K, used 19321K [0x00000000c1400000, 0x0000000100000000)
  region size 1024K, 3 young (3072K), 2 survivors (2048K)
 Metaspace       used 41290K, committed 41728K, reserved 1114112K
  class space    used 5367K, committed 5568K, reserved 1048576K
}
Event: 8.745 GC heap after
{Heap after GC invocations=14 (full 0):
 garbage-first heap   total 96256K, used 18335K [0x00000000c1400000, 0x0000000100000000)
  region size 1024K, 1 young (1024K), 1 survivors (1024K)
 Metaspace       used 41290K, committed 41728K, reserved 1114112K
  class space    used 5367K, committed 5568K, reserved 1048576K
}

Deoptimization events (20 events):
Event: 8.715 Thread 0x00000227014fb300 Uncommon trap: trap_request=0xffffffcc fr.pc=0x0000022712553408 relative=0x0000000000000368
Event: 8.715 Thread 0x00000227014fb300 Uncommon trap: reason=intrinsic_or_type_checked_inlining action=make_not_entrant pc=0x0000022712553408 method=java.util.Arrays.copyOf([Ljava/lang/Object;ILjava/lang/Class;)[Ljava/lang/Object; @ 35 c2
Event: 8.715 Thread 0x00000227014fb300 DEOPT PACKING pc=0x0000022712553408 sp=0x000000e7ec2fb7e0
Event: 8.715 Thread 0x00000227014fb300 DEOPT UNPACKING pc=0x000002270a9223a3 sp=0x000000e7ec2fb770 mode 2
Event: 8.717 Thread 0x00000227014fb300 Uncommon trap: trap_request=0xffffff45 fr.pc=0x000002271250e968 relative=0x0000000000001008
Event: 8.717 Thread 0x00000227014fb300 Uncommon trap: reason=unstable_if action=reinterpret pc=0x000002271250e968 method=java.util.concurrent.ConcurrentHashMap.putVal(Ljava/lang/Object;Ljava/lang/Object;Z)Ljava/lang/Object; @ 148 c2
Event: 8.717 Thread 0x00000227014fb300 DEOPT PACKING pc=0x000002271250e968 sp=0x000000e7ec2fa8b0
Event: 8.717 Thread 0x00000227014fb300 DEOPT UNPACKING pc=0x000002270a9223a3 sp=0x000000e7ec2fa840 mode 2
Event: 9.751 Thread 0x00000227014fb300 Uncommon trap: trap_request=0xffffff45 fr.pc=0x0000022712527f88 relative=0x0000000000000c68
Event: 9.751 Thread 0x00000227014fb300 Uncommon trap: reason=unstable_if action=reinterpret pc=0x0000022712527f88 method=jdk.internal.org.objectweb.asm.Frame.getAbstractTypeFromDescriptor(Ljdk/internal/org/objectweb/asm/SymbolTable;Ljava/lang/String;I)I @ 189 c2
Event: 9.751 Thread 0x00000227014fb300 DEOPT PACKING pc=0x0000022712527f88 sp=0x000000e7ec2f91a0
Event: 9.751 Thread 0x00000227014fb300 DEOPT UNPACKING pc=0x000002270a9223a3 sp=0x000000e7ec2f9160 mode 2
Event: 10.618 Thread 0x00000227014fb300 Uncommon trap: trap_request=0xfffffff4 fr.pc=0x0000022712580414 relative=0x00000000000002f4
Event: 10.618 Thread 0x00000227014fb300 Uncommon trap: reason=null_check action=make_not_entrant pc=0x0000022712580414 method=sun.invoke.util.VerifyType.isNullConversion(Ljava/lang/Class;Ljava/lang/Class;Z)Z @ 67 c2
Event: 10.618 Thread 0x00000227014fb300 DEOPT PACKING pc=0x0000022712580414 sp=0x000000e7ec2f9010
Event: 10.618 Thread 0x00000227014fb300 DEOPT UNPACKING pc=0x000002270a9223a3 sp=0x000000e7ec2f8f90 mode 2
Event: 10.766 Thread 0x00000227014fb300 Uncommon trap: trap_request=0xffffff45 fr.pc=0x0000022712548884 relative=0x00000000000001e4
Event: 10.766 Thread 0x00000227014fb300 Uncommon trap: reason=unstable_if action=reinterpret pc=0x0000022712548884 method=java.util.ArrayDeque.addLast(Ljava/lang/Object;)V @ 42 c2
Event: 10.766 Thread 0x00000227014fb300 DEOPT PACKING pc=0x0000022712548884 sp=0x000000e7ec2f9ba0
Event: 10.766 Thread 0x00000227014fb300 DEOPT UNPACKING pc=0x000002270a9223a3 sp=0x000000e7ec2f9af8 mode 2

Classes loaded (20 events):
Event: 8.650 Loading class java/util/concurrent/CompletionStage
Event: 8.650 Loading class java/util/concurrent/CompletionStage done
Event: 8.651 Loading class java/util/concurrent/CompletableFuture
Event: 8.652 Loading class java/util/concurrent/CompletableFuture done
Event: 8.652 Loading class java/util/concurrent/CompletableFuture$AltResult
Event: 8.652 Loading class java/util/concurrent/CompletableFuture$AltResult done
Event: 8.653 Loading class java/util/concurrent/CompletableFuture$Completion
Event: 8.653 Loading class java/util/concurrent/CompletableFuture$AsynchronousCompletionTask
Event: 8.653 Loading class java/util/concurrent/CompletableFuture$AsynchronousCompletionTask done
Event: 8.653 Loading class java/util/concurrent/CompletableFuture$Completion done
Event: 9.623 Loading class java/security/PrivilegedActionException
Event: 9.623 Loading class java/security/PrivilegedActionException done
Event: 9.629 Loading class java/lang/reflect/AnnotatedArrayType
Event: 9.629 Loading class java/lang/reflect/AnnotatedArrayType done
Event: 10.464 Loading class javax/naming/Reference
Event: 10.465 Loading class javax/naming/Reference done
Event: 10.687 Loading class java/lang/SafeVarargs
Event: 10.688 Loading class java/lang/SafeVarargs done
Event: 10.751 Loading class sun/reflect/generics/reflectiveObjects/GenericArrayTypeImpl
Event: 10.752 Loading class sun/reflect/generics/reflectiveObjects/GenericArrayTypeImpl done

Classes unloaded (0 events):
No events

Classes redefined (0 events):
No events

Internal exceptions (20 events):
Event: 6.634 Thread 0x00000227014fb300 Exception <a 'java/lang/NoSuchMethodError'{0x00000000c3e4cb70}: 'java.lang.Object java.lang.invoke.DirectMethodHandle$Holder.invokeVirtual(java.lang.Object, java.lang.Object, java.lang.Object, java.lang.Object, java.lang.Object)'> (0x00000000c3e4cb70) 
thrown [s\src\hotspot\share\interpreter\linkResolver.cpp, line 759]
Event: 6.880 Thread 0x00000227014fb300 Exception <a 'java/lang/NoSuchMethodError'{0x00000000c39a32a0}: 'void java.lang.invoke.DirectMethodHandle$Holder.invokeStaticInit(java.lang.Object, java.lang.Object, java.lang.Object, java.lang.Object, java.lang.Object)'> (0x00000000c39a32a0) 
thrown [s\src\hotspot\share\interpreter\linkResolver.cpp, line 759]
Event: 7.101 Thread 0x00000227014fb300 Exception <a 'java/lang/NoSuchMethodError'{0x00000000c3061148}: 'java.lang.Object java.lang.invoke.DirectMethodHandle$Holder.invokeStaticInit(java.lang.Object, java.lang.Object, java.lang.Object, java.lang.Object)'> (0x00000000c3061148) 
thrown [s\src\hotspot\share\interpreter\linkResolver.cpp, line 759]
Event: 7.210 Thread 0x00000227014fb300 Exception <a 'java/lang/NoSuchMethodError'{0x00000000c4166f60}: 'void java.lang.invoke.DelegatingMethodHandle$Holder.reinvoke_L(java.lang.Object, java.lang.Object, java.lang.Object, java.lang.Object, int, java.lang.Object, java.lang.Object, java.lang.Object)'> (0x00000000c4166f60) 
thrown [s\src\hotspot\share\interpreter\linkResolver.cpp, line 759]
Event: 8.309 Thread 0x00000227014fb300 Exception <a 'java/lang/NoSuchMethodError'{0x00000000c3832810}: 'java.lang.Object java.lang.invoke.DirectMethodHandle$Holder.newInvokeSpecial(java.lang.Object, java.lang.Object, java.lang.Object, int)'> (0x00000000c3832810) 
thrown [s\src\hotspot\share\interpreter\linkResolver.cpp, line 759]
Event: 8.310 Thread 0x00000227014fb300 Exception <a 'java/lang/NoSuchMethodError'{0x00000000c3837118}: 'java.lang.Object java.lang.invoke.DirectMethodHandle$Holder.invokeSpecial(java.lang.Object, java.lang.Object, java.lang.Object, java.lang.Object, int)'> (0x00000000c3837118) 
thrown [s\src\hotspot\share\interpreter\linkResolver.cpp, line 759]
Event: 8.311 Thread 0x00000227014fb300 Exception <a 'java/lang/NoSuchMethodError'{0x00000000c383b018}: 'java.lang.Object java.lang.invoke.Invokers$Holder.linkToTargetMethod(java.lang.Object, java.lang.Object, int, java.lang.Object)'> (0x00000000c383b018) 
thrown [s\src\hotspot\share\interpreter\linkResolver.cpp, line 759]
Event: 8.941 Thread 0x00000227014fb300 Exception <a 'java/lang/NoSuchMethodError'{0x00000000c6e74520}: 'java.lang.Object java.lang.invoke.DirectMethodHandle$Holder.invokeStatic(java.lang.Object, java.lang.Object, int, java.lang.Object)'> (0x00000000c6e74520) 
thrown [s\src\hotspot\share\interpreter\linkResolver.cpp, line 759]
Event: 8.941 Thread 0x00000227014fb300 Exception <a 'java/lang/NoSuchMethodError'{0x00000000c6e78500}: 'java.lang.Object java.lang.invoke.DirectMethodHandle$Holder.invokeStaticInit(java.lang.Object, java.lang.Object, int, java.lang.Object)'> (0x00000000c6e78500) 
thrown [s\src\hotspot\share\interpreter\linkResolver.cpp, line 759]
Event: 8.986 Thread 0x00000227014fb300 Exception <a 'java/lang/IncompatibleClassChangeError'{0x00000000c6dc33f0}: Found class java.lang.Object, but interface was expected> (0x00000000c6dc33f0) 
thrown [s\src\hotspot\share\interpreter\linkResolver.cpp, line 826]
Event: 9.938 Thread 0x00000227014fb300 Exception <a 'java/lang/NoSuchMethodError'{0x00000000c5fadc78}: 'long java.lang.invoke.DelegatingMethodHandle$Holder.reinvoke_L(java.lang.Object, java.lang.Object)'> (0x00000000c5fadc78) 
thrown [s\src\hotspot\share\interpreter\linkResolver.cpp, line 759]
Event: 9.940 Thread 0x00000227014fb300 Exception <a 'java/lang/NoSuchMethodError'{0x00000000c5fb89a8}: 'void java.lang.invoke.DelegatingMethodHandle$Holder.reinvoke_L(java.lang.Object, java.lang.Object, long)'> (0x00000000c5fb89a8) 
thrown [s\src\hotspot\share\interpreter\linkResolver.cpp, line 759]
Event: 9.941 Thread 0x00000227014fb300 Exception <a 'java/lang/NoSuchMethodError'{0x00000000c5fc02b8}: 'long java.lang.invoke.Invokers$Holder.invokeExact_MT(java.lang.Object, java.lang.Object, java.lang.Object)'> (0x00000000c5fc02b8) 
thrown [s\src\hotspot\share\interpreter\linkResolver.cpp, line 759]
Event: 10.084 Thread 0x00000227014fb300 Exception <a 'java/lang/NoSuchMethodError'{0x00000000c5c3bb18}: 'void java.lang.invoke.DirectMethodHandle$Holder.invokeSpecial(java.lang.Object, java.lang.Object, java.lang.Object, java.lang.Object, java.lang.Object, java.lang.Object, java.lang.Object, java.lang.Object)'> (0x00000000c5c3bb18) 
thrown [s\src\hotspot\share\interpreter\linkResolver.cpp, line 759]
Event: 10.091 Thread 0x00000227014fb300 Exception <a 'java/lang/NoSuchMethodError'{0x00000000c5c6a8d8}: 'java.lang.Object java.lang.invoke.DirectMethodHandle$Holder.newInvokeSpecial(java.lang.Object, java.lang.Object, java.lang.Object, java.lang.Object, java.lang.Object, java.lang.Object, java.lang.Object, int)'> (0x00000000c5c6a8d8) 
thrown [s\src\hotspot\share\interpreter\linkResolver.cpp, line 759]
Event: 10.092 Thread 0x00000227014fb300 Exception <a 'java/lang/NoSuchMethodError'{0x00000000c5c700d0}: 'java.lang.Object java.lang.invoke.DirectMethodHandle$Holder.invokeSpecial(java.lang.Object, java.lang.Object, java.lang.Object, java.lang.Object, java.lang.Object, java.lang.Object, java.lang.Object, java.lang.Object, int)'> (0x00000000c5c700d0) 
thrown [s\src\hotspot\share\interpreter\linkResolver.cpp, line 759]
Event: 10.169 Thread 0x00000227014fb300 Exception <a 'java/lang/NoSuchMethodError'{0x00000000c5bfe870}: 'java.lang.Object java.lang.invoke.DirectMethodHandle$Holder.newInvokeSpecial(java.lang.Object, java.lang.Object, int, java.lang.Object, int, java.lang.Object, java.lang.Object, java.lang.Object)'> (0x00000000c5bfe870) 
thrown [s\src\hotspot\share\interpreter\linkResolver.cpp, line 759]
Event: 10.172 Thread 0x00000227014fb300 Exception <a 'java/lang/NoSuchMethodError'{0x00000000c5a107f0}: 'void java.lang.invoke.DirectMethodHandle$Holder.invokeSpecial(java.lang.Object, java.lang.Object, java.lang.Object, java.lang.Object, java.lang.Object, java.lang.Object, java.lang.Object)'> (0x00000000c5a107f0) 
thrown [s\src\hotspot\share\interpreter\linkResolver.cpp, line 759]
Event: 10.473 Thread 0x00000227014fb300 Exception <a 'java/lang/NoSuchMethodError'{0x00000000c5678c10}: 'void java.lang.invoke.Invokers$Holder.invokeExact_MT(java.lang.Object, java.lang.Object, java.lang.Object, java.lang.Object)'> (0x00000000c5678c10) 
thrown [s\src\hotspot\share\interpreter\linkResolver.cpp, line 759]
Event: 10.618 Thread 0x00000227014fb300 Implicit null exception at 0x00000227125801e0 to 0x0000022712580400

VM Operations (20 events):
Event: 7.897 Executing VM operation: G1CollectForAllocation
Event: 7.904 Executing VM operation: G1CollectForAllocation done
Event: 7.958 Executing VM operation: CollectForMetadataAllocation
Event: 7.965 Executing VM operation: CollectForMetadataAllocation done
Event: 8.002 Executing VM operation: CollectForMetadataAllocation
Event: 8.002 Executing VM operation: CollectForMetadataAllocation done
Event: 8.017 Executing VM operation: G1Concurrent
Event: 8.023 Executing VM operation: G1Concurrent done
Event: 8.045 Executing VM operation: G1Concurrent
Event: 8.045 Executing VM operation: G1Concurrent done
Event: 8.492 Executing VM operation: HandshakeAllThreads
Event: 8.492 Executing VM operation: HandshakeAllThreads done
Event: 8.689 Executing VM operation: G1CollectForAllocation
Event: 8.697 Executing VM operation: G1CollectForAllocation done
Event: 8.735 Executing VM operation: G1CollectForAllocation
Event: 8.745 Executing VM operation: G1CollectForAllocation done
Event: 9.753 Executing VM operation: Cleanup
Event: 9.754 Executing VM operation: Cleanup done
Event: 10.495 Executing VM operation: HandshakeAllThreads
Event: 10.495 Executing VM operation: HandshakeAllThreads done

Events (20 events):
Event: 0.369 Loaded shared library C:\Users\ERIN_JAVALead\.jdks\corretto-18.0.2\bin\nio.dll
Event: 0.376 Loaded shared library C:\Users\ERIN_JAVALead\.jdks\corretto-18.0.2\bin\zip.dll
Event: 0.402 Loaded shared library C:\Program Files\JetBrains\IntelliJ IDEA Community Edition 2021.3.3\bin\breakgen64.dll
Event: 0.403 Thread 0x0000022722d28fe0 Thread added: 0x0000022722d28fe0
Event: 0.403 Thread 0x0000022722cfe3c0 Thread added: 0x0000022722cfe3c0
Event: 0.475 Thread 0x0000022722d8c990 Thread added: 0x0000022722d8c990
Event: 0.703 Loaded shared library C:\Users\ERIN_JAVALead\.jdks\corretto-18.0.2\bin\jimage.dll
Event: 1.739 Thread 0x0000022722d8c990 Thread exited: 0x0000022722d8c990
Event: 2.522 Thread 0x00000227237d8ab0 Thread added: 0x00000227237d8ab0
Event: 2.995 Thread 0x00000227237d8ab0 Thread exited: 0x00000227237d8ab0
Event: 3.528 Thread 0x0000022723ae98f0 Thread added: 0x0000022723ae98f0
Event: 3.707 Thread 0x0000022723e121a0 Thread added: 0x0000022723e121a0
Event: 3.909 Loaded shared library C:\Users\ERIN_JAVALead\.jdks\corretto-18.0.2\bin\verify.dll
Event: 4.116 Thread 0x0000022723ae98f0 Thread exited: 0x0000022723ae98f0
Event: 4.297 Thread 0x0000022723e121a0 Thread exited: 0x0000022723e121a0
Event: 4.317 Thread 0x0000022723edfab0 Thread added: 0x0000022723edfab0
Event: 4.377 Thread 0x0000022723edfab0 Thread exited: 0x0000022723edfab0
Event: 7.075 Thread 0x00000227245828b0 Thread added: 0x00000227245828b0
Event: 7.187 Thread 0x0000022723389110 Thread added: 0x0000022723389110
Event: 10.472 Thread 0x00000227258d10a0 Thread added: 0x00000227258d10a0


Dynamic libraries:
0x00007ff643c80000 - 0x00007ff643c8d000 	C:\Users\ERIN_JAVALead\.jdks\corretto-18.0.2\bin\java.exe
0x00007ff9e6b70000 - 0x00007ff9e6d67000 	C:\WINDOWS\SYSTEM32\ntdll.dll
0x00007ff9e5280000 - 0x00007ff9e533d000 	C:\WINDOWS\System32\KERNEL32.DLL
0x00007ff9e4510000 - 0x00007ff9e4806000 	C:\WINDOWS\System32\KERNELBASE.dll
0x00007ff9e4220000 - 0x00007ff9e4320000 	C:\WINDOWS\System32\ucrtbase.dll
0x00007ff9d17c0000 - 0x00007ff9d17d7000 	C:\Users\ERIN_JAVALead\.jdks\corretto-18.0.2\bin\jli.dll
0x00007ff9e1440000 - 0x00007ff9e1455000 	C:\Users\ERIN_JAVALead\.jdks\corretto-18.0.2\bin\VCRUNTIME140.dll
0x00007ff9e5ed0000 - 0x00007ff9e606e000 	C:\WINDOWS\System32\USER32.dll
0x00007ff9e4320000 - 0x00007ff9e4342000 	C:\WINDOWS\System32\win32u.dll
0x00007ff9e3690000 - 0x00007ff9e392a000 	C:\WINDOWS\WinSxS\amd64_microsoft.windows.common-controls_6595b64144ccf1df_6.0.19041.3570_none_60bb2a3971f3e41a\COMCTL32.dll
0x00007ff9e56a0000 - 0x00007ff9e56cc000 	C:\WINDOWS\System32\GDI32.dll
0x00007ff9e5050000 - 0x00007ff9e50ee000 	C:\WINDOWS\System32\msvcrt.dll
0x00007ff9e43f0000 - 0x00007ff9e450a000 	C:\WINDOWS\System32\gdi32full.dll
0x00007ff9e4350000 - 0x00007ff9e43ed000 	C:\WINDOWS\System32\msvcp_win.dll
0x00007ff9e4d80000 - 0x00007ff9e4db0000 	C:\WINDOWS\System32\IMM32.DLL
0x00007ff9c8fe0000 - 0x00007ff9c907b000 	C:\Users\ERIN_JAVALead\.jdks\corretto-18.0.2\bin\msvcp140.dll
0x00007ff996430000 - 0x00007ff9970a1000 	C:\Users\ERIN_JAVALead\.jdks\corretto-18.0.2\bin\server\jvm.dll
0x00007ff9e4ba0000 - 0x00007ff9e4c4e000 	C:\WINDOWS\System32\ADVAPI32.dll
0x00007ff9e6280000 - 0x00007ff9e631c000 	C:\WINDOWS\System32\sechost.dll
0x00007ff9e5150000 - 0x00007ff9e5276000 	C:\WINDOWS\System32\RPCRT4.dll
0x00007ff9e6940000 - 0x00007ff9e6948000 	C:\WINDOWS\System32\PSAPI.DLL
0x00007ff9e1460000 - 0x00007ff9e1469000 	C:\WINDOWS\SYSTEM32\WSOCK32.dll
0x00007ff9c5d40000 - 0x00007ff9c5d67000 	C:\WINDOWS\SYSTEM32\WINMM.dll
0x00007ff9e4ef0000 - 0x00007ff9e4f5b000 	C:\WINDOWS\System32\WS2_32.dll
0x00007ff9de5d0000 - 0x00007ff9de5da000 	C:\WINDOWS\SYSTEM32\VERSION.dll
0x00007ff9e1a50000 - 0x00007ff9e1a62000 	C:\WINDOWS\SYSTEM32\kernel.appcore.dll
0x00007ff9d17b0000 - 0x00007ff9d17ba000 	C:\Users\ERIN_JAVALead\.jdks\corretto-18.0.2\bin\jimage.dll
0x00007ff9e3b30000 - 0x00007ff9e3d14000 	C:\WINDOWS\SYSTEM32\DBGHELP.DLL
0x00007ff9e3af0000 - 0x00007ff9e3b24000 	C:\WINDOWS\SYSTEM32\dbgcore.DLL
0x00007ff9e4b10000 - 0x00007ff9e4b92000 	C:\WINDOWS\System32\bcryptPrimitives.dll
0x00007ff9d0560000 - 0x00007ff9d056e000 	C:\Users\ERIN_JAVALead\.jdks\corretto-18.0.2\bin\instrument.dll
0x00007ff9d09f0000 - 0x00007ff9d0a15000 	C:\Users\ERIN_JAVALead\.jdks\corretto-18.0.2\bin\java.dll
0x00007ff9bdc00000 - 0x00007ff9bdcd6000 	C:\Users\ERIN_JAVALead\.jdks\corretto-18.0.2\bin\jsvml.dll
0x00007ff9e56d0000 - 0x00007ff9e5e14000 	C:\WINDOWS\System32\SHELL32.dll
0x00007ff9e1c50000 - 0x00007ff9e23eb000 	C:\WINDOWS\SYSTEM32\windows.storage.dll
0x00007ff9e5340000 - 0x00007ff9e5694000 	C:\WINDOWS\System32\combase.dll
0x00007ff9e33c0000 - 0x00007ff9e33ed000 	C:\WINDOWS\SYSTEM32\Wldp.dll
0x00007ff9e61c0000 - 0x00007ff9e626d000 	C:\WINDOWS\System32\SHCORE.dll
0x00007ff9e50f0000 - 0x00007ff9e5145000 	C:\WINDOWS\System32\shlwapi.dll
0x00007ff9e4150000 - 0x00007ff9e4175000 	C:\WINDOWS\SYSTEM32\profapi.dll
0x00007ff9c8f80000 - 0x00007ff9c8f98000 	C:\Users\ERIN_JAVALead\.jdks\corretto-18.0.2\bin\zip.dll
0x00007ff9c8fc0000 - 0x00007ff9c8fd3000 	C:\Users\ERIN_JAVALead\.jdks\corretto-18.0.2\bin\net.dll
0x00007ff9dd070000 - 0x00007ff9dd17a000 	C:\WINDOWS\SYSTEM32\WINHTTP.dll
0x00007ff9e3210000 - 0x00007ff9e327a000 	C:\WINDOWS\system32\mswsock.dll
0x00007ff9c8fa0000 - 0x00007ff9c8fb5000 	C:\Users\ERIN_JAVALead\.jdks\corretto-18.0.2\bin\nio.dll
0x00007ff9c8f40000 - 0x00007ff9c8f5a000 	C:\Program Files\JetBrains\IntelliJ IDEA Community Edition 2021.3.3\bin\breakgen64.dll
0x00007ff9d17a0000 - 0x00007ff9d17b0000 	C:\Users\ERIN_JAVALead\.jdks\corretto-18.0.2\bin\verify.dll
0x00007ff9e3ec0000 - 0x00007ff9e3ed8000 	C:\WINDOWS\SYSTEM32\CRYPTSP.dll
0x00007ff9e2bc0000 - 0x00007ff9e2bf4000 	C:\WINDOWS\system32\rsaenh.dll
0x00007ff9e4970000 - 0x00007ff9e4997000 	C:\WINDOWS\System32\bcrypt.dll
0x00007ff9e40d0000 - 0x00007ff9e40fe000 	C:\WINDOWS\SYSTEM32\USERENV.dll
0x00007ff9e34e0000 - 0x00007ff9e34ec000 	C:\WINDOWS\SYSTEM32\CRYPTBASE.dll
0x00007ff9e2f40000 - 0x00007ff9e2f7b000 	C:\WINDOWS\SYSTEM32\IPHLPAPI.DLL
0x00007ff9e6270000 - 0x00007ff9e6278000 	C:\WINDOWS\System32\NSI.dll
0x00007ff9dd5c0000 - 0x00007ff9dd5d7000 	C:\WINDOWS\SYSTEM32\dhcpcsvc6.DLL
0x00007ff9dd7b0000 - 0x00007ff9dd7cd000 	C:\WINDOWS\SYSTEM32\dhcpcsvc.DLL
0x00007ff9e2f80000 - 0x00007ff9e304a000 	C:\WINDOWS\SYSTEM32\DNSAPI.dll

dbghelp: loaded successfully - version: 4.0.5 - missing functions: none
symbol engine: initialized successfully - sym options: 0x614 - pdb path: .;C:\Users\ERIN_JAVALead\.jdks\corretto-18.0.2\bin;C:\WINDOWS\SYSTEM32;C:\WINDOWS\WinSxS\amd64_microsoft.windows.common-controls_6595b64144ccf1df_6.0.19041.3570_none_60bb2a3971f3e41a;C:\Users\ERIN_JAVALead\.jdks\corretto-18.0.2\bin\server;C:\Program Files\JetBrains\IntelliJ IDEA Community Edition 2021.3.3\bin

VM Arguments:
jvm_args: -ea -Didea.test.cyclic.buffer.size=1048576 -javaagent:C:\Program Files\JetBrains\IntelliJ IDEA Community Edition 2021.3.3\lib\idea_rt.jar=57485:C:\Program Files\JetBrains\IntelliJ IDEA Community Edition 2021.3.3\bin -Dfile.encoding=UTF-8 
java_command: com.intellij.rt.junit.JUnitStarter -ideVersion5 -junit5 com.devskiller.tasks.blog.service.CommentServiceTest,shouldReturnAddedComment
java_class_path (initial): C:\Users\ERIN_JAVALead\.m2\repository\org\junit\platform\junit-platform-launcher\1.9.1\junit-platform-launcher-1.9.1.jar;C:\Program Files\JetBrains\IntelliJ IDEA Community Edition 2021.3.3\lib\idea_rt.jar;C:\Program Files\JetBrains\IntelliJ IDEA Community Edition 2021.3.3\plugins\junit\lib\junit5-rt.jar;C:\Program Files\JetBrains\IntelliJ IDEA Community Edition 2021.3.3\plugins\junit\lib\junit-rt.jar;C:\Users\ERIN_JAVALead\Downloads\devskiller-code-U32X-W3E7-T2E6-S3F\target\test-classes;C:\Users\ERIN_JAVALead\Downloads\devskiller-code-U32X-W3E7-T2E6-S3F\target\classes;C:\Users\ERIN_JAVALead\.m2\repository\org\springframework\boot\spring-boot-starter-data-jpa\3.0.0\spring-boot-starter-data-jpa-3.0.0.jar;C:\Users\ERIN_JAVALead\.m2\repository\org\springframework\boot\spring-boot-starter-aop\3.0.0\spring-boot-starter-aop-3.0.0.jar;C:\Users\ERIN_JAVALead\.m2\repository\org\springframework\spring-aop\6.0.2\spring-aop-6.0.2.jar;C:\Users\ERIN_JAVALead\.m2\repository\org\aspectj\aspectjweaver\1.9.9.1\aspectjweaver-1.9.9.1.jar;C:\Users\ERIN_JAVALead\.m2\repository\org\springframework\boot\spring-boot-starter-jdbc\3.0.0\spring-boot-starter-jdbc-3.0.0.jar;C:\Users\ERIN_JAVALead\.m2\repository\com\zaxxer\HikariCP\5.0.1\HikariCP-5.0.1.jar;C:\Users\ERIN_JAVALead\.m2\repository\org\springframework\spring-jdbc\6.0.2\spring-jdbc-6.0.2.jar;C:\Users\ERIN_JAVALead\.m2\repository\org\hibernate\orm\hibernate-core\6.1.5.Final\hibernate-core-6.1.5.Final.jar;C:\Users\ERIN_JAVALead\.m2\repository\jakarta\persistence\jakarta.persistence-api\3.1.0\jakarta.persistence-api-3.1.0.jar;C:\Users\ERIN_JAVALead\.m2\repository\jakarta\transaction\jakarta.transaction-api\2.0.1\jakarta.transaction-api-2.0.1.jar;C:\Users\ERIN_JAVALead\.m2\repository\org\jboss\logging\jboss-logging\3.5.0.Final\jboss-logging-3.5.0.Final.jar;C:\Users\ERIN_JAVALead\.m2\repository\org\hibernate\common\hibernate-commons-annotations\6.0.2.Final\hibernate-commons-annotations-6.0.2.Final.jar;C:\Users\ERIN_JAVALead\.m2\repository\org\jboss\jandex\2.4.2.Final\jandex-2.4.2.Final.jar;C:\Users\ERIN_JAVALead\.m2\repository\com\fasterxml\classmate\1.5.1\classmate-1.5.1.jar;C:\Users\ERIN_JAVALead\.m2\repository\net\bytebuddy\byte-buddy\1.12.19\byte-buddy-1.12.19.jar;C:\Users\ERIN_JAVALead\.m2\repository\org\glassfish\jaxb\jaxb-runtime\4.0.1\jaxb-runtime-4.0.1.jar;C:\Users\ERIN_JAVALead\.m2\repository\org\glassfish\jaxb\jaxb-core\4.0.1\jaxb-core-4.0.1.jar;C:\Users\ERIN_JAVALead\.m2\repository\org\eclipse\angus\angus-activation\1.0.0\angus-activation-1.0.0.jar;C:\Users\ERIN_JAVALead\.m2\repository\org\glassfish\jaxb\txw2\4.0.1\txw2-4.0.1.jar;C:\Users\ERIN_JAVALead\.m2\repository\com\sun\istack\istack-commons-runtime\4.1.1\istack-commons-runtime-4.1.1.jar;C:\Users\ERIN_JAVALead\.m2\repository\jakarta\inject\jakarta.inject-api\2.0.0\jakarta.inject-api-2.0.0.jar;C:\Users\ERIN_JAVALead\.m2\repository\org\antlr\antlr4-runtime\4.10.1\antlr4-runtime-4.10.1.jar;C:\Users\ERIN_JAVALead\.m2\repository\org\springframework\data\spring-data-jpa\3.0.0\spring-data-jpa-3.0.0.jar;C:\Users\ERIN_JAVALead\.m2\repository\org\springframework\data\spring-data-commons\3.0.0\spring-data-commons-3.0.0.jar;C:\Users\ERIN_JAVALead\.m2\repository\org\springframework\spring-orm\6.0.2\spring-orm-6.0.2.jar;C:\Users\ERIN_JAVALead\.m2\repository\org\springframework\spring-context\6.0.2\spring-context-6.0.2.jar;C:\Users\ERIN_JAVALead\.m2\repository\org\springframework\spring-tx\6.0.2\spring-tx-6.0.2.jar;C:\Users\ERIN_JAVALead\.m2\repository\org\springframework\spring-beans\6.0.2\spring-beans-6.0.2.jar;C:\Users\ERIN_JAVALead\.m2\repository\jakarta\annotation\jakarta.annotation-api\2.1.1\jakarta.annotation-api-2.1.1.jar;C:\Users\ERIN_JAVALead\.m2\repository\org\slf4j\slf4j-api\2.0.4\slf4j-api-2.0.4.jar;C:\Users\ERIN_JAVALead\.m2\repository\org\springframework\spring-aspects\6.0.2\spring-aspects-6.0.2.jar;C:\Users\ERIN_JAVALead\.m2\repository\org\springframework\boot\spring-boot-starter-web\3.0.0\spring-boot-starter-web-3.0.0.jar;C:\Users\ERIN_JAVALead\.m2\repository\org\springframework\boot\spring-boot-starter\3.0.0\spring-boot-starter-3.0.0.jar;C:\Users\ERIN_JAVALead\.m2\repository\org\springframework\boot\spring-boot\3.0.0\spring-boot-3.0.0.jar;C:\Users\ERIN_JAVALead\.m2\repository\org\springframework\boot\spring-boot-autoconfigure\3.0.0\spring-boot-autoconfigure-3.0.0.jar;C:\Users\ERIN_JAVALead\.m2\repository\org\springframework\boot\spring-boot-starter-logging\3.0.0\spring-boot-starter-logging-3.0.0.jar;C:\Users\ERIN_JAVALead\.m2\repository\ch\qos\logback\logback-classic\1.4.5\logback-classic-1.4.5.jar;C:\Users\ERIN_JAVALead\.m2\repository\ch\qos\logback\logback-core\1.4.5\logback-core-1.4.5.jar;C:\Users\ERIN_JAVALead\.m2\repository\org\apache\logging\log4j\log4j-to-slf4j\2.19.0\log4j-to-slf4j-2.19.0.jar;C:\Users\ERIN_JAVALead\.m2\repository\org\apache\logging\log4j\log4j-api\2.19.0\log4j-api-2.19.0.jar;C:\Users\ERIN_JAVALead\.m2\repository\org\slf4j\jul-to-slf4j\2.0.4\jul-to-slf4j-2.0.4.jar;C:\Users\ERIN_JAVALead\.m2\repository\org\yaml\snakeyaml\1.33\snakeyaml-1.33.jar;C:\Users\ERIN_JAVALead\.m2\repository\org\springframework\boot\spring-boot-starter-json\3.0.0\spring-boot-starter-json-3.0.0.jar;C:\Users\ERIN_JAVALead\.m2\repository\com\fasterxml\jackson\core\jackson-databind\2.14.1\jackson-databind-2.14.1.jar;C:\Users\ERIN_JAVALead\.m2\repository\com\fasterxml\jackson\core\jackson-annotations\2.14.1\jackson-annotations-2.14.1.jar;C:\Users\ERIN_JAVALead\.m2\repository\com\fasterxml\jackson\core\jackson-core\2.14.1\jackson-core-2.14.1.jar;C:\Users\ERIN_JAVALead\.m2\repository\com\fasterxml\jackson\datatype\jackson-datatype-jdk8\2.14.1\jackson-datatype-jdk8-2.14.1.jar;C:\Users\ERIN_JAVALead\.m2\repository\com\fasterxml\jackson\datatype\jackson-datatype-jsr310\2.14.1\jackson-datatype-jsr310-2.14.1.jar;C:\Users\ERIN_JAVALead\.m2\repository\com\fasterxml\jackson\module\jackson-module-parameter-names\2.14.1\jackson-module-parameter-names-2.14.1.jar;C:\Users\ERIN_JAVALead\.m2\repository\org\springframework\boot\spring-boot-starter-tomcat\3.0.0\spring-boot-starter-tomcat-3.0.0.jar;C:\Users\ERIN_JAVALead\.m2\repository\org\apache\tomcat\embed\tomcat-embed-core\10.1.1\tomcat-embed-core-10.1.1.jar;C:\Users\ERIN_JAVALead\.m2\repository\org\apache\tomcat\embed\tomcat-embed-el\10.1.1\tomcat-embed-el-10.1.1.jar;C:\Users\ERIN_JAVALead\.m2\repository\org\apache\tomcat\embed\tomcat-embed-websocket\10.1.1\tomcat-embed-websocket-10.1.1.jar;C:\Users\ERIN_JAVALead\.m2\repository\org\springframework\spring-web\6.0.2\spring-web-6.0.2.jar;C:\Users\ERIN_JAVALead\.m2\repository\io\micrometer\micrometer-observation\1.10.2\micrometer-observation-1.10.2.jar;C:\Users\ERIN_JAVALead\.m2\repository\io\micrometer\micrometer-commons\1.10.2\micrometer-commons-1.10.2.jar;C:\Users\ERIN_JAVALead\.m2\repository\org\springframework\spring-webmvc\6.0.2\spring-webmvc-6.0.2.jar;C:\Users\ERIN_JAVALead\.m2\repository\org\springframework\spring-expression\6.0.2\spring-expression-6.0.2.jar;C:\Users\ERIN_JAVALead\.m2\repository\com\h2database\h2\2.1.214\h2-2.1.214.jar;C:\Users\ERIN_JAVALead\.m2\repository\org\springframework\boot\spring-boot-starter-test\3.0.0\spring-boot-starter-test-3.0.0.jar;C:\Users\ERIN_JAVALead\.m2\repository\org\springframework\boot\spring-boot-test\3.0.0\spring-boot-test-3.0.0.jar;C:\Users\ERIN_JAVALead\.m2\repository\org\springframework\boot\spring-boot-test-autoconfigure\3.0.0\spring-boot-test-autoconfigure-3.0.0.jar;C:\Users\ERIN_JAVALead\.m2\repository\com\jayway\jsonpath\json-path\2.7.0\json-path-2.7.0.jar;C:\Users\ERIN_JAVALead\.m2\repository\net\minidev\json-smart\2.4.8\json-smart-2.4.8.jar;C:\Users\ERIN_JAVALead\.m2\repository\net\minidev\accessors-smart\2.4.8\accessors-smart-2.4.8.jar;C:\Users\ERIN_JAVALead\.m2\repository\org\ow2\asm\asm\9.1\asm-9.1.jar;C:\Users\ERIN_JAVALead\.m2\repository\jakarta\xml\bind\jakarta.xml.bind-api\4.0.0\jakarta.xml.bind-api-4.0.0.jar;C:\Users\ERIN_JAVALead\.m2\repository\jakarta\activation\jakarta.activation-api\2.1.0\jakarta.activation-api-2.1.0.jar;C:\Users\ERIN_JAVALead\.m2\repository\org\assertj\assertj-core\3.23.1\assertj-core-3.23.1.jar;C:\Users\ERIN_JAVALead\.m2\repository\org\hamcrest\hamcrest\2.2\hamcrest-2.2.jar;C:\Users\ERIN_JAVALead\.m2\repository\org\junit\jupiter\junit-jupiter\5.9.1\junit-jupiter-5.9.1.jar;C:\Users\ERIN_JAVALead\.m2\repository\org\junit\jupiter\junit-jupiter-api\5.9.1\junit-jupiter-api-5.9.1.jar;C:\Users\ERIN_JAVALead\.m2\repository\org\opentest4j\opentest4j\1.2.0\opentest4j-1.2.0.jar;C:\Users\ERIN_JAVALead\.m2\repository\org\junit\platform\junit-platform-commons\1.9.1\junit-platform-commons-1.9.1.jar;C:\Users\ERIN_JAVALead\.m2\repository\org\apiguardian\apiguardian-api\1.1.2\apiguardian-api-1.1.2.jar;C:\Users\ERIN_JAVALead\.m2\repository\org\junit\jupiter\junit-jupiter-params\5.9.1\junit-jupiter-params-5.9.1.jar;C:\Users\ERIN_JAVALead\.m2\repository\org\junit\jupiter\junit-jupiter-engine\5.9.1\junit-jupiter-engine-5.9.1.jar;C:\Users\ERIN_JAVALead\.m2\repository\org\junit\platform\junit-platform-engine\1.9.1\junit-platform-engine-1.9.1.jar;C:\Users\ERIN_JAVALead\.m2\repository\org\mockito\mockito-core\4.8.1\mockito-core-4.8.1.jar;C:\Users\ERIN_JAVALead\.m2\repository\net\bytebuddy\byte-buddy-agent\1.12.19\byte-buddy-agent-1.12.19.jar;C:\Users\ERIN_JAVALead\.m2\repository\org\objenesis\objenesis\3.2\objenesis-3.2.jar;C:\Users\ERIN_JAVALead\.m2\repository\org\mockito\mockito-junit-jupiter\4.8.1\mockito-junit-jupiter-4.8.1.jar;C:\Users\ERIN_JAVALead\.m2\repository\org\skyscreamer\jsonassert\1.5.1\jsonassert-1.5.1.jar;C:\Users\ERIN_JAVALead\.m2\repository\com\vaadin\external\google\android-json\0.0.20131108.vaadin1\android-json-0.0.20131108.vaadin1.jar;C:\Users\ERIN_JAVALead\.m2\repository\org\springframework\spring-core\6.0.2\spring-core-6.0.2.jar;C:\Users\ERIN_JAVALead\.m2\repository\org\springframework\spring-jcl\6.0.2\spring-jcl-6.0.2.jar;C:\Users\ERIN_JAVALead\.m2\repository\org\springframework\spring-test\6.0.2\spring-test-6.0.2.jar;C:\Users\ERIN_JAVALead\.m2\repository\org\xmlunit\xmlunit-core\2.9.0\xmlunit-core-2.9.0.jar
Launcher Type: SUN_STANDARD

[Global flags]
     intx CICompilerCount                          = 3                                         {product} {ergonomic}
     uint ConcGCThreads                            = 1                                         {product} {ergonomic}
     uint G1ConcRefinementThreads                  = 4                                         {product} {ergonomic}
   size_t G1HeapRegionSize                         = 1048576                                   {product} {ergonomic}
    uintx GCDrainStackTargetSize                   = 64                                        {product} {ergonomic}
   size_t InitialHeapSize                          = 67108864                                  {product} {ergonomic}
   size_t MarkStackSize                            = 4194304                                   {product} {ergonomic}
   size_t MaxHeapSize                              = 1052770304                                {product} {ergonomic}
   size_t MaxNewSize                               = 631242752                                 {product} {ergonomic}
   size_t MinHeapDeltaBytes                        = 1048576                                   {product} {ergonomic}
   size_t MinHeapSize                              = 8388608                                   {product} {ergonomic}
    uintx NonNMethodCodeHeapSize                   = 5832780                                {pd product} {ergonomic}
    uintx NonProfiledCodeHeapSize                  = 122912730                              {pd product} {ergonomic}
    uintx ProfiledCodeHeapSize                     = 122912730                              {pd product} {ergonomic}
    uintx ReservedCodeCacheSize                    = 251658240                              {pd product} {ergonomic}
     bool SegmentedCodeCache                       = true                                      {product} {ergonomic}
   size_t SoftMaxHeapSize                          = 1052770304                             {manageable} {ergonomic}
     bool UseCompressedClassPointers               = true                           {product lp64_product} {ergonomic}
     bool UseCompressedOops                        = true                           {product lp64_product} {ergonomic}
     bool UseG1GC                                  = true                                      {product} {ergonomic}
     bool UseLargePagesIndividualAllocation        = false                                  {pd product} {ergonomic}

Logging:
Log output configuration:
 #0: stdout all=warning uptime,level,tags foldmultilines=false
 #1: stderr all=off uptime,level,tags foldmultilines=false

Environment Variables:
PATH=C:\WINDOWS\system32;C:\WINDOWS;C:\WINDOWS\System32\Wbem;C:\WINDOWS\System32\WindowsPowerShell\v1.0\;C:\WINDOWS\System32\OpenSSH\;C:\Program Files (x86)\nodejs\;C:\Program Files (x86)\nodejs\npm;C:\Users\ERIN_JAVALead\AppData\Roaming\npm;C:\Program Files\Git\cmd;C:\Program Files (x86)\dotnet\;C:\Program Files (x86)\Microsoft SQL Server\160\DTS\Binn\;C:\Program Files\Azure Data Studio\bin;C:\Program Files (x86)\Microsoft SQL Server\160\Tools\Binn\;C:\Program Files\Microsoft SQL Server\160\Tools\Binn\;C:\Program Files\Microsoft SQL Server\Client SDK\ODBC\170\Tools\Binn\;C:\Program Files\Microsoft SQL Server\160\DTS\Binn\;C:\Users\ERIN_JAVALead\AppData\Local\Microsoft\WindowsApps;;C:\Users\ERIN_JAVALead\AppData\Local\Programs\Microsoft VS Code\bin;C:\Users\ERIN_JAVALead\AppData\Roaming\npm;C:\Program Files\Azure Data Studio\bin
USERNAME=ERIN_JAVALead
OS=Windows_NT
PROCESSOR_IDENTIFIER=Intel64 Family 6 Model 78 Stepping 3, GenuineIntel



---------------  S Y S T E M  ---------------

OS:
 Windows 10 , 64 bit Build 19041 (10.0.19041.3570)
OS uptime: 0 days 9:53 hours

CPU: total 4 (initial active 4) (2 cores per cpu, 2 threads per core) family 6 model 78 stepping 3 microcode 0xcc, cx8, cmov, fxsr, ht, mmx, 3dnowpref, sse, sse2, sse3, ssse3, sse4.1, sse4.2, popcnt, lzcnt, tsc, tscinvbit, avx, avx2, aes, erms, clmul, bmi1, bmi2, adx, fma, vzeroupper, clflush, clflushopt

Memory: 4k page, system-wide physical 4012M (544M free)
TotalPageFile size 6060M (AvailPageFile size 3M)
current process WorkingSet (physical memory assigned to process): 221M, peak: 221M
current process commit charge ("private bytes"): 265M, peak: 267M

vm_info: OpenJDK 64-Bit Server VM (18.0.2+9-FR) for windows-amd64 JRE (18.0.2+9-FR), built on Jul 15 2022 20:03:03 by "Administrator" with MS VC++ 15.9 (VS2017)

END.
